Using pre-set license
Built from '2021.3/staging' branch; Version is '2021.3.16f1 (4016570cf34f) revision 4200023'; Using compiler version '192829333'; Build Type 'Release'
OS: 'Windows 10  (10.0.19044) 64bit Core' Language: 'zh' Physical Memory: 16085 MB
BatchMode: 1, IsHumanControllingUs: 0, StartBugReporterOnCrash: 0, Is64bit: 1, IsPro: 1

COMMAND LINE ARGUMENTS:
D:\Uinty2019\2021.3.16f1\Editor\Unity.exe
-adb2
-batchMode
-noUpm
-name
AssetImportWorker7
-projectPath
C:/Users/Astbel/Desktop/Poke_unity/Pokemon
-logFile
Logs/AssetImportWorker7.log
-srvPort
62883
Successfully changed project path to: C:/Users/Astbel/Desktop/Poke_unity/Pokemon
C:/Users/Astbel/Desktop/Poke_unity/Pokemon
[UnityMemory] Configuration Parameters - Can be set up in boot.config
    "memorysetup-bucket-allocator-granularity=16"
    "memorysetup-bucket-allocator-bucket-count=8"
    "memorysetup-bucket-allocator-block-size=33554432"
    "memorysetup-bucket-allocator-block-count=8"
    "memorysetup-main-allocator-block-size=16777216"
    "memorysetup-thread-allocator-block-size=16777216"
    "memorysetup-gfx-main-allocator-block-size=16777216"
    "memorysetup-gfx-thread-allocator-block-size=16777216"
    "memorysetup-cache-allocator-block-size=4194304"
    "memorysetup-typetree-allocator-block-size=2097152"
    "memorysetup-profiler-bucket-allocator-granularity=16"
    "memorysetup-profiler-bucket-allocator-bucket-count=8"
    "memorysetup-profiler-bucket-allocator-block-size=33554432"
    "memorysetup-profiler-bucket-allocator-block-count=8"
    "memorysetup-profiler-allocator-block-size=16777216"
    "memorysetup-profiler-editor-allocator-block-size=1048576"
    "memorysetup-temp-allocator-size-main=16777216"
    "memorysetup-job-temp-allocator-block-size=2097152"
    "memorysetup-job-temp-allocator-block-size-background=1048576"
    "memorysetup-job-temp-allocator-reduction-small-platforms=262144"
    "memorysetup-temp-allocator-size-background-worker=32768"
    "memorysetup-temp-allocator-size-job-worker=262144"
    "memorysetup-temp-allocator-size-preload-manager=33554432"
    "memorysetup-temp-allocator-size-nav-mesh-worker=65536"
    "memorysetup-temp-allocator-size-audio-worker=65536"
    "memorysetup-temp-allocator-size-cloud-worker=32768"
    "memorysetup-temp-allocator-size-gi-baking-worker=262144"
    "memorysetup-temp-allocator-size-gfx=262144"
Player connection [9980] Host "[IP] 192.168.1.104 [Port] 0 [Flags] 2 [Guid] 1161340151 [EditorId] 1161340151 [Version] 1048832 [Id] WindowsEditor(7,MSI) [Debug] 1 [PackageName] WindowsEditor [ProjectName] Editor" joined multi-casting on [225.0.0.222:54997]...

Player connection [9980] Host "[IP] 192.168.1.104 [Port] 0 [Flags] 2 [Guid] 1161340151 [EditorId] 1161340151 [Version] 1048832 [Id] WindowsEditor(7,MSI) [Debug] 1 [PackageName] WindowsEditor [ProjectName] Editor" joined alternative multi-casting on [225.0.0.222:34997]...

Refreshing native plugins compatible for Editor in 113.43 ms, found 4 plugins.
Preloading 0 native plugins for Editor in 0.00 ms.
Initialize engine version: 2021.3.16f1 (4016570cf34f)
[Subsystems] Discovering subsystems at path D:/Uinty2019/2021.3.16f1/Editor/Data/Resources/UnitySubsystems
[Subsystems] Discovering subsystems at path C:/Users/Astbel/Desktop/Poke_unity/Pokemon/Assets
GfxDevice: creating device client; threaded=0; jobified=0
Direct3D:
    Version:  Direct3D 11.0 [level 11.1]
    Renderer: NVIDIA GeForce RTX 3060 Laptop GPU (ID=0x2520)
    Vendor:   NVIDIA
    VRAM:     6023 MB
    Driver:   30.0.14.9709
Initialize mono
Mono path[0] = 'D:/Uinty2019/2021.3.16f1/Editor/Data/Managed'
Mono path[1] = 'D:/Uinty2019/2021.3.16f1/Editor/Data/MonoBleedingEdge/lib/mono/unityjit-win32'
Mono config path = 'D:/Uinty2019/2021.3.16f1/Editor/Data/MonoBleedingEdge/etc'
Using monoOptions --debugger-agent=transport=dt_socket,embedding=1,server=y,suspend=n,address=127.0.0.1:56824
Begin MonoManager ReloadAssembly
Registering precompiled unity dll's ...
Register platform support module: D:/Uinty2019/2021.3.16f1/Editor/Data/PlaybackEngines/WindowsStandaloneSupport/UnityEditor.WindowsStandalone.Extensions.dll
Registered in 0.002426 seconds.
Native extension for WindowsStandalone target not found
Refreshing native plugins compatible for Editor in 100.38 ms, found 4 plugins.
Preloading 0 native plugins for Editor in 0.00 ms.
Mono: successfully reloaded assembly
- Completed reload, in  0.568 seconds
Domain Reload Profiling:
	ReloadAssembly (569ms)
		BeginReloadAssembly (53ms)
			ExecutionOrderSort (0ms)
			DisableScriptedObjects (0ms)
			BackupInstance (0ms)
			ReleaseScriptingObjects (0ms)
			CreateAndSetChildDomain (1ms)
		EndReloadAssembly (439ms)
			LoadAssemblies (52ms)
			RebuildTransferFunctionScriptingTraits (0ms)
			SetupTypeCache (80ms)
			ReleaseScriptCaches (0ms)
			RebuildScriptCaches (20ms)
			SetupLoadedEditorAssemblies (302ms)
				LogAssemblyErrors (0ms)
				InitializePlatformSupportModulesInManaged (5ms)
				SetLoadedEditorAssemblies (0ms)
				RefreshPlugins (101ms)
				BeforeProcessingInitializeOnLoad (1ms)
				ProcessInitializeOnLoadAttributes (157ms)
				ProcessInitializeOnLoadMethodAttributes (39ms)
				AfterProcessingInitializeOnLoad (0ms)
				EditorAssembliesLoaded (0ms)
			ExecutionOrderSort2 (0ms)
			AwakeInstancesAfterBackupRestoration (0ms)
Platform modules already initialized, skipping
Registering precompiled user dll's ...
Registered in 0.008285 seconds.
Begin MonoManager ReloadAssembly
Symbol file LoadedFromMemory doesn't match image C:\Users\Astbel\Desktop\Poke_unity\Pokemon\Library\PackageCache\com.unity.visualscripting@1.7.8\Editor\VisualScripting.Core\Dependencies\YamlDotNet\Unity.VisualScripting.YamlDotNet.dll
Symbol file LoadedFromMemory doesn't match image C:\Users\Astbel\Desktop\Poke_unity\Pokemon\Library\PackageCache\com.unity.visualscripting@1.7.8\Editor\VisualScripting.Core\Dependencies\DotNetZip\Unity.VisualScripting.IonicZip.dll
Native extension for WindowsStandalone target not found
Refreshing native plugins compatible for Editor in 102.46 ms, found 4 plugins.
Preloading 0 native plugins for Editor in 0.00 ms.
Mono: successfully reloaded assembly
- Completed reload, in  1.216 seconds
Domain Reload Profiling:
	ReloadAssembly (1217ms)
		BeginReloadAssembly (81ms)
			ExecutionOrderSort (0ms)
			DisableScriptedObjects (4ms)
			BackupInstance (0ms)
			ReleaseScriptingObjects (0ms)
			CreateAndSetChildDomain (16ms)
		EndReloadAssembly (1050ms)
			LoadAssemblies (66ms)
			RebuildTransferFunctionScriptingTraits (0ms)
			SetupTypeCache (382ms)
			ReleaseScriptCaches (1ms)
			RebuildScriptCaches (43ms)
			SetupLoadedEditorAssemblies (519ms)
				LogAssemblyErrors (0ms)
				InitializePlatformSupportModulesInManaged (2ms)
				SetLoadedEditorAssemblies (0ms)
				RefreshPlugins (103ms)
				BeforeProcessingInitializeOnLoad (76ms)
				ProcessInitializeOnLoadAttributes (298ms)
				ProcessInitializeOnLoadMethodAttributes (38ms)
				AfterProcessingInitializeOnLoad (2ms)
				EditorAssembliesLoaded (0ms)
			ExecutionOrderSort2 (0ms)
			AwakeInstancesAfterBackupRestoration (6ms)
Platform modules already initialized, skipping
========================================================================
Worker process is ready to serve import requests
Launched and connected shader compiler UnityShaderCompiler.exe after 0.51 seconds
Refreshing native plugins compatible for Editor in 1.10 ms, found 4 plugins.
Preloading 0 native plugins for Editor in 0.00 ms.
Unloading 4082 Unused Serialized files (Serialized files now loaded: 0)
Unloading 46 unused Assets / (229.3 KB). Loaded Objects now: 4537.
Memory consumption went from 161.0 MB to 160.8 MB.
Total: 3.164700 ms (FindLiveObjects: 0.288200 ms CreateObjectMapping: 0.106900 ms MarkObjects: 2.607600 ms  DeleteObjects: 0.161100 ms)

AssetImportParameters requested are different than current active one (requested -> active):
  custom:video-decoder-ogg-theora: a1e56fd34408186e4bbccfd4996cb3dc -> 
  custom:container-muxer-webm: aa71ff27fc2769a1b78a27578f13a17b -> 
  custom:container-demuxer-webm: 4f35f7cbe854078d1ac9338744f61a02 -> 
  custom:video-encoder-webm-vp8: eb34c28f22e8b96e1ab97ce403110664 -> 
  custom:audio-encoder-webm-vorbis: bf7c407c2cedff20999df2af8eb42d56 -> 
  custom:framework-win-MediaFoundation: 216162199b28c13a410421893ffa2e32 -> 
  custom:container-demuxer-ogg: 62fdf1f143b41e24485cea50d1cbac27 -> 
  custom:video-decoder-webm-vp8: 9c59270c3fd7afecdb556c50c9e8de78 -> 
  custom:audio-decoder-ogg-vorbis: bf7c407c2cedff20999df2af8eb42d56 -> 
========================================================================
Received Import Request.
  Time since last request: 68521.403032 seconds.
  path: Assets/TileMap/Fattoria.prefab
  artifactKey: Guid(d1f08147f01ee864981bc20360eff8d9) Importer(815301076,1909f56bfc062723c751e8b465ee728b)
Start importing Assets/TileMap/Fattoria.prefab using Guid(d1f08147f01ee864981bc20360eff8d9) Importer(815301076,1909f56bfc062723c751e8b465ee728b)  -> (artifact id: '7ea4672c12865b780b5f385825f35795') in 0.119576 seconds 
========================================================================
Received Import Request.
  Time since last request: 179.881049 seconds.
  path: Assets/Sprite/House/palazzo imperialeazepoli.png
  artifactKey: Guid(19cda8290530ea346b6f28d553784d59) Importer(815301076,1909f56bfc062723c751e8b465ee728b)
Start importing Assets/Sprite/House/palazzo imperialeazepoli.png using Guid(19cda8290530ea346b6f28d553784d59) Importer(815301076,1909f56bfc062723c751e8b465ee728b)  -> (artifact id: '28c5d4ccf0daf3d948a4cd7e15f338de') in 0.055680 seconds 
========================================================================
Received Import Request.
  Time since last request: 0.000019 seconds.
  path: Assets/Sprite/House/Pokemon Mart.png
  artifactKey: Guid(1294ff56dde24b74eab83bcce45ad9d9) Importer(815301076,1909f56bfc062723c751e8b465ee728b)
Start importing Assets/Sprite/House/Pokemon Mart.png using Guid(1294ff56dde24b74eab83bcce45ad9d9) Importer(815301076,1909f56bfc062723c751e8b465ee728b)  -> (artifact id: 'fd0d45169382dbf06efd2c76233de8f0') in 0.012670 seconds 
========================================================================
Received Import Request.
  Time since last request: 0.000018 seconds.
  path: Assets/Sprite/House/Pokèmonlab.png
  artifactKey: Guid(d44764c21d0466845b49a69d8f86e61c) Importer(815301076,1909f56bfc062723c751e8b465ee728b)
Start importing Assets/Sprite/House/Pokèmonlab.png using Guid(d44764c21d0466845b49a69d8f86e61c) Importer(815301076,1909f56bfc062723c751e8b465ee728b)  -> (artifact id: '66841aef7a0dec9f0fe078f4c01ac7c7') in 0.016611 seconds 
========================================================================
Received Import Request.
  Time since last request: 0.000019 seconds.
  path: Assets/Sprite/House/redexpress.png
  artifactKey: Guid(198f4453211865c4c991cd0f6aeb9688) Importer(815301076,1909f56bfc062723c751e8b465ee728b)
Start importing Assets/Sprite/House/redexpress.png using Guid(198f4453211865c4c991cd0f6aeb9688) Importer(815301076,1909f56bfc062723c751e8b465ee728b)  -> (artifact id: '6f5f4e0b5f75300067d11066a1555437') in 0.031035 seconds 
========================================================================
Received Import Request.
  Time since last request: 0.000021 seconds.
  path: Assets/Sprite/House/palestrawestopoli camera2.png
  artifactKey: Guid(c41efe4d825fd5c45a0662d01a3cdbd2) Importer(815301076,1909f56bfc062723c751e8b465ee728b)
Start importing Assets/Sprite/House/palestrawestopoli camera2.png using Guid(c41efe4d825fd5c45a0662d01a3cdbd2) Importer(815301076,1909f56bfc062723c751e8b465ee728b)  -> (artifact id: 'e5b5eb8577c1257f694032e083b19425') in 0.029154 seconds 
========================================================================
Received Import Request.
  Time since last request: 0.000019 seconds.
  path: Assets/Sprite/House/palestra beatville.png
  artifactKey: Guid(55db859f3d43f31448810efd223eb09c) Importer(815301076,1909f56bfc062723c751e8b465ee728b)
Start importing Assets/Sprite/House/palestra beatville.png using Guid(55db859f3d43f31448810efd223eb09c) Importer(815301076,1909f56bfc062723c751e8b465ee728b)  -> (artifact id: '649173baf114ce2616b398a910bb8b6b') in 0.020873 seconds 
========================================================================
Received Import Request.
  Time since last request: 0.000024 seconds.
  path: Assets/Sprite/House/TILESET OLD.png
  artifactKey: Guid(da5d2a7e6c65a5f43aba90156aac3bc8) Importer(815301076,1909f56bfc062723c751e8b465ee728b)
Start importing Assets/Sprite/House/TILESET OLD.png using Guid(da5d2a7e6c65a5f43aba90156aac3bc8) Importer(815301076,1909f56bfc062723c751e8b465ee728b)  -> (artifact id: '2a44bd53f5c7e3e13c1e92fd2be92c64') in 0.034657 seconds 
========================================================================
Received Import Request.
  Time since last request: 0.000030 seconds.
  path: Assets/Sprite/House/PokèmonCenter.png
  artifactKey: Guid(ffad2ac7b6d963747b46adc9875cf10e) Importer(815301076,1909f56bfc062723c751e8b465ee728b)
Start importing Assets/Sprite/House/PokèmonCenter.png using Guid(ffad2ac7b6d963747b46adc9875cf10e) Importer(815301076,1909f56bfc062723c751e8b465ee728b)  -> (artifact id: 'b04480992cd17dae8a364a1e3ea5e724') in 0.028473 seconds 
Editor requested this worker to shutdown with reason: Scaling down because of idle timeout
AssetImportWorker is now disconnected from the server
Process exiting
Exiting without the bug reporter. Application will terminate with return code 0