Using pre-set license
Built from '2021.3/staging' branch; Version is '2021.3.16f1 (4016570cf34f) revision 4200023'; Using compiler version '192829333'; Build Type 'Release'
OS: 'Windows 10  (10.0.19044) 64bit Core' Language: 'zh' Physical Memory: 16085 MB
BatchMode: 1, IsHumanControllingUs: 0, StartBugReporterOnCrash: 0, Is64bit: 1, IsPro: 1

COMMAND LINE ARGUMENTS:
D:\Uinty2019\2021.3.16f1\Editor\Unity.exe
-adb2
-batchMode
-noUpm
-name
AssetImportWorker1
-projectPath
C:/Users/Astbel/Desktop/Poke_unity/Pokemon
-logFile
Logs/AssetImportWorker1.log
-srvPort
55165
Successfully changed project path to: C:/Users/Astbel/Desktop/Poke_unity/Pokemon
C:/Users/Astbel/Desktop/Poke_unity/Pokemon
[UnityMemory] Configuration Parameters - Can be set up in boot.config
    "memorysetup-bucket-allocator-granularity=16"
    "memorysetup-bucket-allocator-bucket-count=8"
    "memorysetup-bucket-allocator-block-size=33554432"
    "memorysetup-bucket-allocator-block-count=8"
    "memorysetup-main-allocator-block-size=16777216"
    "memorysetup-thread-allocator-block-size=16777216"
    "memorysetup-gfx-main-allocator-block-size=16777216"
    "memorysetup-gfx-thread-allocator-block-size=16777216"
    "memorysetup-cache-allocator-block-size=4194304"
    "memorysetup-typetree-allocator-block-size=2097152"
    "memorysetup-profiler-bucket-allocator-granularity=16"
    "memorysetup-profiler-bucket-allocator-bucket-count=8"
    "memorysetup-profiler-bucket-allocator-block-size=33554432"
    "memorysetup-profiler-bucket-allocator-block-count=8"
    "memorysetup-profiler-allocator-block-size=16777216"
    "memorysetup-profiler-editor-allocator-block-size=1048576"
    "memorysetup-temp-allocator-size-main=16777216"
    "memorysetup-job-temp-allocator-block-size=2097152"
    "memorysetup-job-temp-allocator-block-size-background=1048576"
    "memorysetup-job-temp-allocator-reduction-small-platforms=262144"
    "memorysetup-temp-allocator-size-background-worker=32768"
    "memorysetup-temp-allocator-size-job-worker=262144"
    "memorysetup-temp-allocator-size-preload-manager=33554432"
    "memorysetup-temp-allocator-size-nav-mesh-worker=65536"
    "memorysetup-temp-allocator-size-audio-worker=65536"
    "memorysetup-temp-allocator-size-cloud-worker=32768"
    "memorysetup-temp-allocator-size-gi-baking-worker=262144"
    "memorysetup-temp-allocator-size-gfx=262144"
Player connection [22596] Host "[IP] 192.168.1.104 [Port] 0 [Flags] 2 [Guid] 697084320 [EditorId] 697084320 [Version] 1048832 [Id] WindowsEditor(7,MSI) [Debug] 1 [PackageName] WindowsEditor [ProjectName] Editor" joined multi-casting on [225.0.0.222:54997]...

Player connection [22596] Host "[IP] 192.168.1.104 [Port] 0 [Flags] 2 [Guid] 697084320 [EditorId] 697084320 [Version] 1048832 [Id] WindowsEditor(7,MSI) [Debug] 1 [PackageName] WindowsEditor [ProjectName] Editor" joined alternative multi-casting on [225.0.0.222:34997]...

Refreshing native plugins compatible for Editor in 76.46 ms, found 4 plugins.
Preloading 0 native plugins for Editor in 0.00 ms.
Initialize engine version: 2021.3.16f1 (4016570cf34f)
[Subsystems] Discovering subsystems at path D:/Uinty2019/2021.3.16f1/Editor/Data/Resources/UnitySubsystems
[Subsystems] Discovering subsystems at path C:/Users/Astbel/Desktop/Poke_unity/Pokemon/Assets
GfxDevice: creating device client; threaded=0; jobified=0
Direct3D:
    Version:  Direct3D 11.0 [level 11.1]
    Renderer: NVIDIA GeForce RTX 3060 Laptop GPU (ID=0x2520)
    Vendor:   NVIDIA
    VRAM:     6023 MB
    Driver:   30.0.14.9709
Initialize mono
Mono path[0] = 'D:/Uinty2019/2021.3.16f1/Editor/Data/Managed'
Mono path[1] = 'D:/Uinty2019/2021.3.16f1/Editor/Data/MonoBleedingEdge/lib/mono/unityjit-win32'
Mono config path = 'D:/Uinty2019/2021.3.16f1/Editor/Data/MonoBleedingEdge/etc'
Using monoOptions --debugger-agent=transport=dt_socket,embedding=1,server=y,suspend=n,address=127.0.0.1:56688
Begin MonoManager ReloadAssembly
Registering precompiled unity dll's ...
Register platform support module: D:/Uinty2019/2021.3.16f1/Editor/Data/PlaybackEngines/WindowsStandaloneSupport/UnityEditor.WindowsStandalone.Extensions.dll
Registered in 0.002114 seconds.
Native extension for WindowsStandalone target not found
Refreshing native plugins compatible for Editor in 73.10 ms, found 4 plugins.
Preloading 0 native plugins for Editor in 0.00 ms.
Mono: successfully reloaded assembly
- Completed reload, in  0.473 seconds
Domain Reload Profiling:
	ReloadAssembly (473ms)
		BeginReloadAssembly (53ms)
			ExecutionOrderSort (0ms)
			DisableScriptedObjects (0ms)
			BackupInstance (0ms)
			ReleaseScriptingObjects (0ms)
			CreateAndSetChildDomain (1ms)
		EndReloadAssembly (343ms)
			LoadAssemblies (52ms)
			RebuildTransferFunctionScriptingTraits (0ms)
			SetupTypeCache (82ms)
			ReleaseScriptCaches (0ms)
			RebuildScriptCaches (20ms)
			SetupLoadedEditorAssemblies (204ms)
				LogAssemblyErrors (0ms)
				InitializePlatformSupportModulesInManaged (5ms)
				SetLoadedEditorAssemblies (0ms)
				RefreshPlugins (73ms)
				BeforeProcessingInitializeOnLoad (1ms)
				ProcessInitializeOnLoadAttributes (91ms)
				ProcessInitializeOnLoadMethodAttributes (34ms)
				AfterProcessingInitializeOnLoad (0ms)
				EditorAssembliesLoaded (0ms)
			ExecutionOrderSort2 (0ms)
			AwakeInstancesAfterBackupRestoration (0ms)
Platform modules already initialized, skipping
Registering precompiled user dll's ...
Registered in 0.007099 seconds.
Begin MonoManager ReloadAssembly
Symbol file LoadedFromMemory doesn't match image C:\Users\Astbel\Desktop\Poke_unity\Pokemon\Library\PackageCache\com.unity.visualscripting@1.7.8\Editor\VisualScripting.Core\Dependencies\YamlDotNet\Unity.VisualScripting.YamlDotNet.dll
Symbol file LoadedFromMemory doesn't match image C:\Users\Astbel\Desktop\Poke_unity\Pokemon\Library\PackageCache\com.unity.visualscripting@1.7.8\Editor\VisualScripting.Core\Dependencies\DotNetZip\Unity.VisualScripting.IonicZip.dll
Native extension for WindowsStandalone target not found
Refreshing native plugins compatible for Editor in 78.45 ms, found 4 plugins.
Preloading 0 native plugins for Editor in 0.00 ms.
Mono: successfully reloaded assembly
- Completed reload, in  0.885 seconds
Domain Reload Profiling:
	ReloadAssembly (886ms)
		BeginReloadAssembly (86ms)
			ExecutionOrderSort (0ms)
			DisableScriptedObjects (5ms)
			BackupInstance (0ms)
			ReleaseScriptingObjects (0ms)
			CreateAndSetChildDomain (16ms)
		EndReloadAssembly (713ms)
			LoadAssemblies (67ms)
			RebuildTransferFunctionScriptingTraits (0ms)
			SetupTypeCache (191ms)
			ReleaseScriptCaches (1ms)
			RebuildScriptCaches (43ms)
			SetupLoadedEditorAssemblies (376ms)
				LogAssemblyErrors (0ms)
				InitializePlatformSupportModulesInManaged (3ms)
				SetLoadedEditorAssemblies (0ms)
				RefreshPlugins (79ms)
				BeforeProcessingInitializeOnLoad (77ms)
				ProcessInitializeOnLoadAttributes (181ms)
				ProcessInitializeOnLoadMethodAttributes (34ms)
				AfterProcessingInitializeOnLoad (2ms)
				EditorAssembliesLoaded (0ms)
			ExecutionOrderSort2 (0ms)
			AwakeInstancesAfterBackupRestoration (5ms)
Platform modules already initialized, skipping
========================================================================
Worker process is ready to serve import requests
Launched and connected shader compiler UnityShaderCompiler.exe after 0.04 seconds
Refreshing native plugins compatible for Editor in 0.65 ms, found 4 plugins.
Preloading 0 native plugins for Editor in 0.00 ms.
Unloading 4045 Unused Serialized files (Serialized files now loaded: 0)
Unloading 44 unused Assets / (229.5 KB). Loaded Objects now: 4495.
Memory consumption went from 154.9 MB to 154.7 MB.
Total: 2.952800 ms (FindLiveObjects: 0.273900 ms CreateObjectMapping: 0.100000 ms MarkObjects: 2.444400 ms  DeleteObjects: 0.133600 ms)

AssetImportParameters requested are different than current active one (requested -> active):
  custom:video-decoder-ogg-theora: a1e56fd34408186e4bbccfd4996cb3dc -> 
  custom:container-muxer-webm: aa71ff27fc2769a1b78a27578f13a17b -> 
  custom:container-demuxer-webm: 4f35f7cbe854078d1ac9338744f61a02 -> 
  custom:video-encoder-webm-vp8: eb34c28f22e8b96e1ab97ce403110664 -> 
  custom:audio-encoder-webm-vorbis: bf7c407c2cedff20999df2af8eb42d56 -> 
  custom:framework-win-MediaFoundation: 216162199b28c13a410421893ffa2e32 -> 
  custom:container-demuxer-ogg: 62fdf1f143b41e24485cea50d1cbac27 -> 
  custom:video-decoder-webm-vp8: 9c59270c3fd7afecdb556c50c9e8de78 -> 
  custom:audio-decoder-ogg-vorbis: bf7c407c2cedff20999df2af8eb42d56 -> 
========================================================================
Received Import Request.
  Time since last request: 95381.062881 seconds.
  path: Assets/Sprite/TileMap/cave.png
  artifactKey: Guid(7a226a989b1bda7439086c5777172e91) Importer(815301076,1909f56bfc062723c751e8b465ee728b)
Start importing Assets/Sprite/TileMap/cave.png using Guid(7a226a989b1bda7439086c5777172e91) Importer(815301076,1909f56bfc062723c751e8b465ee728b)  -> (artifact id: '19566c8a87fd826edb2748a5fd881052') in 0.341328 seconds 
========================================================================
Received Import Request.
  Time since last request: 0.000024 seconds.
  path: Assets/Sprite/TileMap/font.png
  artifactKey: Guid(b8cbe706126619d40903c50fb9d63dd1) Importer(815301076,1909f56bfc062723c751e8b465ee728b)
Start importing Assets/Sprite/TileMap/font.png using Guid(b8cbe706126619d40903c50fb9d63dd1) Importer(815301076,1909f56bfc062723c751e8b465ee728b)  -> (artifact id: '0dd654616df1c7549336557160bac075') in 0.011349 seconds 
========================================================================
Received Import Request.
  Time since last request: 0.000026 seconds.
  path: Assets/Sprite/TileMap/character.png
  artifactKey: Guid(3111f23cd57d2be48b2ee6bac4a23588) Importer(815301076,1909f56bfc062723c751e8b465ee728b)
Start importing Assets/Sprite/TileMap/character.png using Guid(3111f23cd57d2be48b2ee6bac4a23588) Importer(815301076,1909f56bfc062723c751e8b465ee728b)  -> (artifact id: '885d490c16b6a1359e73ed29b197256f') in 0.121715 seconds 
========================================================================
Received Import Request.
  Time since last request: 0.000025 seconds.
  path: Assets/Sprite/TileMap/NPC_test.png
  artifactKey: Guid(233ed2c3c57795e428932b6a36398fec) Importer(815301076,1909f56bfc062723c751e8b465ee728b)
Start importing Assets/Sprite/TileMap/NPC_test.png using Guid(233ed2c3c57795e428932b6a36398fec) Importer(815301076,1909f56bfc062723c751e8b465ee728b)  -> (artifact id: '63b24b871f7d9ba545a1451f77b0df93') in 0.007905 seconds 
========================================================================
Received Import Request.
  Time since last request: 0.000018 seconds.
  path: Assets/Sprite/TileMap/npc.png
  artifactKey: Guid(b3ece409abaf12c4bb6c47676007199f) Importer(815301076,1909f56bfc062723c751e8b465ee728b)
Start importing Assets/Sprite/TileMap/npc.png using Guid(b3ece409abaf12c4bb6c47676007199f) Importer(815301076,1909f56bfc062723c751e8b465ee728b)  -> (artifact id: 'e8cb5b3c416da96f5b61fad3ecf20137') in 0.008088 seconds 
========================================================================
Received Import Request.
  Time since last request: 0.000028 seconds.
  path: Assets/Sprite/TileMap/surf_sprites.png
  artifactKey: Guid(14ced2238d82c7149b8f5a0481222249) Importer(815301076,1909f56bfc062723c751e8b465ee728b)
Start importing Assets/Sprite/TileMap/surf_sprites.png using Guid(14ced2238d82c7149b8f5a0481222249) Importer(815301076,1909f56bfc062723c751e8b465ee728b)  -> (artifact id: '5834505af8bd81899eb129c8a4a66dfd') in 0.011013 seconds 
========================================================================
Received Import Request.
  Time since last request: 0.000030 seconds.
  path: Assets/Sprite/TileMap/Inner.png
  artifactKey: Guid(457d1ade8f441be428fdc1c3ed0912ce) Importer(815301076,1909f56bfc062723c751e8b465ee728b)
Start importing Assets/Sprite/TileMap/Inner.png using Guid(457d1ade8f441be428fdc1c3ed0912ce) Importer(815301076,1909f56bfc062723c751e8b465ee728b)  -> (artifact id: '407f7415c108d859081fba325c9d1219') in 0.016052 seconds 
========================================================================
Received Import Request.
  Time since last request: 0.000026 seconds.
  path: Assets/Sprite/TileMap/tileset.png
  artifactKey: Guid(6092738183c668a4d924383acaf9eb5f) Importer(815301076,1909f56bfc062723c751e8b465ee728b)
Start importing Assets/Sprite/TileMap/tileset.png using Guid(6092738183c668a4d924383acaf9eb5f) Importer(815301076,1909f56bfc062723c751e8b465ee728b)  -> (artifact id: '219ffcdb7dd90536f0b14eb6291216e1') in 0.091982 seconds 
========================================================================
Received Import Request.
  Time since last request: 0.000022 seconds.
  path: Assets/Sprite/TileMap/objects.png
  artifactKey: Guid(3ae12697ae504414bbf0797ea36dfddd) Importer(815301076,1909f56bfc062723c751e8b465ee728b)
Start importing Assets/Sprite/TileMap/objects.png using Guid(3ae12697ae504414bbf0797ea36dfddd) Importer(815301076,1909f56bfc062723c751e8b465ee728b)  -> (artifact id: 'd8cd28ffd5d19ce80638dd1d574bf8c1') in 0.016389 seconds 
========================================================================
Received Import Request.
  Time since last request: 0.000021 seconds.
  path: Assets/Sprite/TileMap/log.png
  artifactKey: Guid(ab399fa9a0252ec498e8d09938b87b2f) Importer(815301076,1909f56bfc062723c751e8b465ee728b)
Start importing Assets/Sprite/TileMap/log.png using Guid(ab399fa9a0252ec498e8d09938b87b2f) Importer(815301076,1909f56bfc062723c751e8b465ee728b)  -> (artifact id: '4c36c29e0293ee5483ed6fc91b4066f5') in 0.009661 seconds 
========================================================================
Received Import Request.
  Time since last request: 0.000023 seconds.
  path: Assets/Sprite/TileMap/water_tile.png
  artifactKey: Guid(2123412d65b484f4ba18dc762cf417da) Importer(815301076,1909f56bfc062723c751e8b465ee728b)
Start importing Assets/Sprite/TileMap/water_tile.png using Guid(2123412d65b484f4ba18dc762cf417da) Importer(815301076,1909f56bfc062723c751e8b465ee728b)  -> (artifact id: '405899c4798906953614c40335223576') in 0.014405 seconds 
========================================================================
Received Import Request.
  Time since last request: 0.000021 seconds.
  path: Assets/Sprite/TileMap/cuttable tree.png
  artifactKey: Guid(3d98d40fa52941d4c8660347a8ff1eb8) Importer(815301076,1909f56bfc062723c751e8b465ee728b)
Start importing Assets/Sprite/TileMap/cuttable tree.png using Guid(3d98d40fa52941d4c8660347a8ff1eb8) Importer(815301076,1909f56bfc062723c751e8b465ee728b)  -> (artifact id: 'a30222b072828cc7448f3960d48d513a') in 0.005722 seconds 
Editor requested this worker to shutdown with reason: Scaling down because of idle timeout
AssetImportWorker is now disconnected from the server
Process exiting
Exiting without the bug reporter. Application will terminate with return code 0