Using pre-set license
Built from '2021.3/staging' branch; Version is '2021.3.16f1 (4016570cf34f) revision 4200023'; Using compiler version '192829333'; Build Type 'Release'
OS: 'Windows 10  (10.0.19044) 64bit Core' Language: 'zh' Physical Memory: 16085 MB
BatchMode: 1, IsHumanControllingUs: 0, StartBugReporterOnCrash: 0, Is64bit: 1, IsPro: 1

COMMAND LINE ARGUMENTS:
D:\Uinty2019\2021.3.16f1\Editor\Unity.exe
-adb2
-batchMode
-noUpm
-name
AssetImportWorker4
-projectPath
C:/Users/Astbel/Desktop/Poke_unity/Pokemon
-logFile
Logs/AssetImportWorker4.log
-srvPort
61874
Successfully changed project path to: C:/Users/Astbel/Desktop/Poke_unity/Pokemon
C:/Users/Astbel/Desktop/Poke_unity/Pokemon
[UnityMemory] Configuration Parameters - Can be set up in boot.config
    "memorysetup-bucket-allocator-granularity=16"
    "memorysetup-bucket-allocator-bucket-count=8"
    "memorysetup-bucket-allocator-block-size=33554432"
    "memorysetup-bucket-allocator-block-count=8"
    "memorysetup-main-allocator-block-size=16777216"
    "memorysetup-thread-allocator-block-size=16777216"
    "memorysetup-gfx-main-allocator-block-size=16777216"
    "memorysetup-gfx-thread-allocator-block-size=16777216"
    "memorysetup-cache-allocator-block-size=4194304"
    "memorysetup-typetree-allocator-block-size=2097152"
    "memorysetup-profiler-bucket-allocator-granularity=16"
    "memorysetup-profiler-bucket-allocator-bucket-count=8"
    "memorysetup-profiler-bucket-allocator-block-size=33554432"
    "memorysetup-profiler-bucket-allocator-block-count=8"
    "memorysetup-profiler-allocator-block-size=16777216"
    "memorysetup-profiler-editor-allocator-block-size=1048576"
    "memorysetup-temp-allocator-size-main=16777216"
    "memorysetup-job-temp-allocator-block-size=2097152"
    "memorysetup-job-temp-allocator-block-size-background=1048576"
    "memorysetup-job-temp-allocator-reduction-small-platforms=262144"
    "memorysetup-temp-allocator-size-background-worker=32768"
    "memorysetup-temp-allocator-size-job-worker=262144"
    "memorysetup-temp-allocator-size-preload-manager=33554432"
    "memorysetup-temp-allocator-size-nav-mesh-worker=65536"
    "memorysetup-temp-allocator-size-audio-worker=65536"
    "memorysetup-temp-allocator-size-cloud-worker=32768"
    "memorysetup-temp-allocator-size-gi-baking-worker=262144"
    "memorysetup-temp-allocator-size-gfx=262144"
Player connection [21824] Host "[IP] 192.168.1.104 [Port] 0 [Flags] 2 [Guid] 3222663825 [EditorId] 3222663825 [Version] 1048832 [Id] WindowsEditor(7,MSI) [Debug] 1 [PackageName] WindowsEditor [ProjectName] Editor" joined multi-casting on [225.0.0.222:54997]...

Player connection [21824] Host "[IP] 192.168.1.104 [Port] 0 [Flags] 2 [Guid] 3222663825 [EditorId] 3222663825 [Version] 1048832 [Id] WindowsEditor(7,MSI) [Debug] 1 [PackageName] WindowsEditor [ProjectName] Editor" joined alternative multi-casting on [225.0.0.222:34997]...

Refreshing native plugins compatible for Editor in 113.05 ms, found 4 plugins.
Preloading 0 native plugins for Editor in 0.00 ms.
Initialize engine version: 2021.3.16f1 (4016570cf34f)
[Subsystems] Discovering subsystems at path D:/Uinty2019/2021.3.16f1/Editor/Data/Resources/UnitySubsystems
[Subsystems] Discovering subsystems at path C:/Users/Astbel/Desktop/Poke_unity/Pokemon/Assets
GfxDevice: creating device client; threaded=0; jobified=0
Direct3D:
    Version:  Direct3D 11.0 [level 11.1]
    Renderer: NVIDIA GeForce RTX 3060 Laptop GPU (ID=0x2520)
    Vendor:   NVIDIA
    VRAM:     6023 MB
    Driver:   30.0.14.9709
Initialize mono
Mono path[0] = 'D:/Uinty2019/2021.3.16f1/Editor/Data/Managed'
Mono path[1] = 'D:/Uinty2019/2021.3.16f1/Editor/Data/MonoBleedingEdge/lib/mono/unityjit-win32'
Mono config path = 'D:/Uinty2019/2021.3.16f1/Editor/Data/MonoBleedingEdge/etc'
Using monoOptions --debugger-agent=transport=dt_socket,embedding=1,server=y,suspend=n,address=127.0.0.1:56984
Begin MonoManager ReloadAssembly
Registering precompiled unity dll's ...
Register platform support module: D:/Uinty2019/2021.3.16f1/Editor/Data/PlaybackEngines/WindowsStandaloneSupport/UnityEditor.WindowsStandalone.Extensions.dll
Registered in 0.002148 seconds.
Native extension for WindowsStandalone target not found
Refreshing native plugins compatible for Editor in 104.70 ms, found 4 plugins.
Preloading 0 native plugins for Editor in 0.00 ms.
Mono: successfully reloaded assembly
- Completed reload, in  0.553 seconds
Domain Reload Profiling:
	ReloadAssembly (553ms)
		BeginReloadAssembly (66ms)
			ExecutionOrderSort (0ms)
			DisableScriptedObjects (0ms)
			BackupInstance (0ms)
			ReleaseScriptingObjects (0ms)
			CreateAndSetChildDomain (1ms)
		EndReloadAssembly (399ms)
			LoadAssemblies (65ms)
			RebuildTransferFunctionScriptingTraits (0ms)
			SetupTypeCache (98ms)
			ReleaseScriptCaches (0ms)
			RebuildScriptCaches (21ms)
			SetupLoadedEditorAssemblies (237ms)
				LogAssemblyErrors (0ms)
				InitializePlatformSupportModulesInManaged (5ms)
				SetLoadedEditorAssemblies (0ms)
				RefreshPlugins (105ms)
				BeforeProcessingInitializeOnLoad (1ms)
				ProcessInitializeOnLoadAttributes (92ms)
				ProcessInitializeOnLoadMethodAttributes (34ms)
				AfterProcessingInitializeOnLoad (0ms)
				EditorAssembliesLoaded (0ms)
			ExecutionOrderSort2 (0ms)
			AwakeInstancesAfterBackupRestoration (0ms)
Platform modules already initialized, skipping
Registering precompiled user dll's ...
Registered in 0.007388 seconds.
Begin MonoManager ReloadAssembly
Symbol file LoadedFromMemory doesn't match image C:\Users\Astbel\Desktop\Poke_unity\Pokemon\Library\PackageCache\com.unity.visualscripting@1.7.8\Editor\VisualScripting.Core\Dependencies\YamlDotNet\Unity.VisualScripting.YamlDotNet.dll
Symbol file LoadedFromMemory doesn't match image C:\Users\Astbel\Desktop\Poke_unity\Pokemon\Library\PackageCache\com.unity.visualscripting@1.7.8\Editor\VisualScripting.Core\Dependencies\DotNetZip\Unity.VisualScripting.IonicZip.dll
Native extension for WindowsStandalone target not found
Refreshing native plugins compatible for Editor in 109.87 ms, found 4 plugins.
Preloading 0 native plugins for Editor in 0.00 ms.
Mono: successfully reloaded assembly
- Completed reload, in  0.949 seconds
Domain Reload Profiling:
	ReloadAssembly (950ms)
		BeginReloadAssembly (85ms)
			ExecutionOrderSort (0ms)
			DisableScriptedObjects (4ms)
			BackupInstance (0ms)
			ReleaseScriptingObjects (0ms)
			CreateAndSetChildDomain (17ms)
		EndReloadAssembly (774ms)
			LoadAssemblies (71ms)
			RebuildTransferFunctionScriptingTraits (0ms)
			SetupTypeCache (200ms)
			ReleaseScriptCaches (1ms)
			RebuildScriptCaches (43ms)
			SetupLoadedEditorAssemblies (422ms)
				LogAssemblyErrors (0ms)
				InitializePlatformSupportModulesInManaged (3ms)
				SetLoadedEditorAssemblies (0ms)
				RefreshPlugins (110ms)
				BeforeProcessingInitializeOnLoad (82ms)
				ProcessInitializeOnLoadAttributes (192ms)
				ProcessInitializeOnLoadMethodAttributes (33ms)
				AfterProcessingInitializeOnLoad (2ms)
				EditorAssembliesLoaded (0ms)
			ExecutionOrderSort2 (0ms)
			AwakeInstancesAfterBackupRestoration (5ms)
Platform modules already initialized, skipping
========================================================================
Worker process is ready to serve import requests
Launched and connected shader compiler UnityShaderCompiler.exe after 0.04 seconds
Refreshing native plugins compatible for Editor in 1.14 ms, found 4 plugins.
Preloading 0 native plugins for Editor in 0.00 ms.
Unloading 4072 Unused Serialized files (Serialized files now loaded: 0)
Unloading 46 unused Assets / (229.3 KB). Loaded Objects now: 4526.
Memory consumption went from 160.7 MB to 160.5 MB.
Total: 3.450100 ms (FindLiveObjects: 0.331500 ms CreateObjectMapping: 0.205800 ms MarkObjects: 2.765700 ms  DeleteObjects: 0.145900 ms)

AssetImportParameters requested are different than current active one (requested -> active):
  custom:video-decoder-ogg-theora: a1e56fd34408186e4bbccfd4996cb3dc -> 
  custom:container-muxer-webm: aa71ff27fc2769a1b78a27578f13a17b -> 
  custom:container-demuxer-webm: 4f35f7cbe854078d1ac9338744f61a02 -> 
  custom:video-encoder-webm-vp8: eb34c28f22e8b96e1ab97ce403110664 -> 
  custom:audio-encoder-webm-vorbis: bf7c407c2cedff20999df2af8eb42d56 -> 
  custom:framework-win-MediaFoundation: 216162199b28c13a410421893ffa2e32 -> 
  custom:container-demuxer-ogg: 62fdf1f143b41e24485cea50d1cbac27 -> 
  custom:video-decoder-webm-vp8: 9c59270c3fd7afecdb556c50c9e8de78 -> 
  custom:audio-decoder-ogg-vorbis: bf7c407c2cedff20999df2af8eb42d56 -> 
========================================================================
Received Import Request.
  Time since last request: 15386.611371 seconds.
  path: Assets/Sprite/House/Game Boy Advance - Pokemon FireRed LeafGreen - Tileset.png
  artifactKey: Guid(6ffbd12fbe6022e4bbaa163c215513d5) Importer(815301076,1909f56bfc062723c751e8b465ee728b)
Start importing Assets/Sprite/House/Game Boy Advance - Pokemon FireRed LeafGreen - Tileset.png using Guid(6ffbd12fbe6022e4bbaa163c215513d5) Importer(815301076,1909f56bfc062723c751e8b465ee728b)  -> (artifact id: 'faf7b56dcff96396fdca82656669a64f') in 0.066785 seconds 
========================================================================
Received Import Request.
  Time since last request: 7.840044 seconds.
  path: Assets/Sprite/House/Game Boy Advance - Pokemon FireRed LeafGreen - Tileset.png
  artifactKey: Guid(6ffbd12fbe6022e4bbaa163c215513d5) Importer(815301076,1909f56bfc062723c751e8b465ee728b)
Start importing Assets/Sprite/House/Game Boy Advance - Pokemon FireRed LeafGreen - Tileset.png using Guid(6ffbd12fbe6022e4bbaa163c215513d5) Importer(815301076,1909f56bfc062723c751e8b465ee728b)  -> (artifact id: 'cac03dda4f05b0ffb261e48466e1323b') in 0.056343 seconds 
========================================================================
Received Import Request.
  Time since last request: 11.358372 seconds.
  path: Assets/Sprite/House/Game Boy Advance - Pokemon FireRed LeafGreen - Tileset 1.png
  artifactKey: Guid(bcd85559121b48843b8dba12170ff6f6) Importer(815301076,1909f56bfc062723c751e8b465ee728b)
Start importing Assets/Sprite/House/Game Boy Advance - Pokemon FireRed LeafGreen - Tileset 1.png using Guid(bcd85559121b48843b8dba12170ff6f6) Importer(815301076,1909f56bfc062723c751e8b465ee728b)  -> (artifact id: '7bf5b4f1d034f876acc7f2e30edb2efd') in 0.014713 seconds 
========================================================================
Received Import Request.
  Time since last request: 101.563089 seconds.
  path: Assets/Sprite/House/Game Boy Advance - Pokemon FireRed LeafGreen - Tileset 1.png
  artifactKey: Guid(bcd85559121b48843b8dba12170ff6f6) Importer(815301076,1909f56bfc062723c751e8b465ee728b)
Start importing Assets/Sprite/House/Game Boy Advance - Pokemon FireRed LeafGreen - Tileset 1.png using Guid(bcd85559121b48843b8dba12170ff6f6) Importer(815301076,1909f56bfc062723c751e8b465ee728b)  -> (artifact id: '59d6363849f98dddb42d6c45a64a3b31') in 3.019341 seconds 
========================================================================
Received Import Request.
  Time since last request: 13.178257 seconds.
  path: Assets/Sprite/House/Game Boy Advance - Pokemon FireRed LeafGreen - Tileset 2.png
  artifactKey: Guid(e056f7d938a2c5a46bf86fb7d8f0c9fa) Importer(815301076,1909f56bfc062723c751e8b465ee728b)
Start importing Assets/Sprite/House/Game Boy Advance - Pokemon FireRed LeafGreen - Tileset 2.png using Guid(e056f7d938a2c5a46bf86fb7d8f0c9fa) Importer(815301076,1909f56bfc062723c751e8b465ee728b)  -> (artifact id: '563e0f2b83e3ed956fb06ce37341a266') in 0.021317 seconds 
========================================================================
Received Import Request.
  Time since last request: 31.782755 seconds.
  path: Assets/Sprite/House/Game Boy Advance - Pokemon FireRed LeafGreen - Tileset 2.png
  artifactKey: Guid(e056f7d938a2c5a46bf86fb7d8f0c9fa) Importer(815301076,1909f56bfc062723c751e8b465ee728b)
Start importing Assets/Sprite/House/Game Boy Advance - Pokemon FireRed LeafGreen - Tileset 2.png using Guid(e056f7d938a2c5a46bf86fb7d8f0c9fa) Importer(815301076,1909f56bfc062723c751e8b465ee728b)  -> (artifact id: '19fd7001cb78a427d54af6eba15045ba') in 1.106441 seconds 
========================================================================
Received Import Request.
  Time since last request: 27.820485 seconds.
  path: Assets/Sprite/House/Game Boy Advance - Pokemon FireRed LeafGreen - Tileset.png
  artifactKey: Guid(6ffbd12fbe6022e4bbaa163c215513d5) Importer(815301076,1909f56bfc062723c751e8b465ee728b)
Start importing Assets/Sprite/House/Game Boy Advance - Pokemon FireRed LeafGreen - Tileset.png using Guid(6ffbd12fbe6022e4bbaa163c215513d5) Importer(815301076,1909f56bfc062723c751e8b465ee728b)  -> (artifact id: 'cd1fc7b972589e1822d32a85bbfc6d6c') in 0.738771 seconds 
========================================================================
Received Import Request.
  Time since last request: 59.719184 seconds.
  path: Assets/Sprite/House/Bulid.prefab
  artifactKey: Guid(dd4874d27de82024cac16b5c4282194a) Importer(815301076,1909f56bfc062723c751e8b465ee728b)
Start importing Assets/Sprite/House/Bulid.prefab using Guid(dd4874d27de82024cac16b5c4282194a) Importer(815301076,1909f56bfc062723c751e8b465ee728b)  -> (artifact id: '0cd2ad426103c34ad786cbebe441d231') in 0.161478 seconds 
========================================================================
Received Import Request.
  Time since last request: 481.694076 seconds.
  path: Assets/Sprite/House/Bulid.prefab
  artifactKey: Guid(dd4874d27de82024cac16b5c4282194a) Importer(815301076,1909f56bfc062723c751e8b465ee728b)
Start importing Assets/Sprite/House/Bulid.prefab using Guid(dd4874d27de82024cac16b5c4282194a) Importer(815301076,1909f56bfc062723c751e8b465ee728b)  -> (artifact id: '9315c9374e1d09f60a0a04eb21b3ff1c') in 1.712311 seconds 
Editor requested this worker to shutdown with reason: Scaling down because of idle timeout
AssetImportWorker is now disconnected from the server
Process exiting
Exiting without the bug reporter. Application will terminate with return code 0