Using pre-set license
Built from '2021.3/staging' branch; Version is '2021.3.16f1 (4016570cf34f) revision 4200023'; Using compiler version '192829333'; Build Type 'Release'
OS: 'Windows 10  (10.0.19044) 64bit Core' Language: 'zh' Physical Memory: 16085 MB
BatchMode: 1, IsHumanControllingUs: 0, StartBugReporterOnCrash: 0, Is64bit: 1, IsPro: 1

COMMAND LINE ARGUMENTS:
D:\Uinty2019\2021.3.16f1\Editor\Unity.exe
-adb2
-batchMode
-noUpm
-name
AssetImportWorker6
-projectPath
C:/Users/Astbel/Desktop/Poke_unity/Pokemon
-logFile
Logs/AssetImportWorker6.log
-srvPort
61874
Successfully changed project path to: C:/Users/Astbel/Desktop/Poke_unity/Pokemon
C:/Users/Astbel/Desktop/Poke_unity/Pokemon
[UnityMemory] Configuration Parameters - Can be set up in boot.config
    "memorysetup-bucket-allocator-granularity=16"
    "memorysetup-bucket-allocator-bucket-count=8"
    "memorysetup-bucket-allocator-block-size=33554432"
    "memorysetup-bucket-allocator-block-count=8"
    "memorysetup-main-allocator-block-size=16777216"
    "memorysetup-thread-allocator-block-size=16777216"
    "memorysetup-gfx-main-allocator-block-size=16777216"
    "memorysetup-gfx-thread-allocator-block-size=16777216"
    "memorysetup-cache-allocator-block-size=4194304"
    "memorysetup-typetree-allocator-block-size=2097152"
    "memorysetup-profiler-bucket-allocator-granularity=16"
    "memorysetup-profiler-bucket-allocator-bucket-count=8"
    "memorysetup-profiler-bucket-allocator-block-size=33554432"
    "memorysetup-profiler-bucket-allocator-block-count=8"
    "memorysetup-profiler-allocator-block-size=16777216"
    "memorysetup-profiler-editor-allocator-block-size=1048576"
    "memorysetup-temp-allocator-size-main=16777216"
    "memorysetup-job-temp-allocator-block-size=2097152"
    "memorysetup-job-temp-allocator-block-size-background=1048576"
    "memorysetup-job-temp-allocator-reduction-small-platforms=262144"
    "memorysetup-temp-allocator-size-background-worker=32768"
    "memorysetup-temp-allocator-size-job-worker=262144"
    "memorysetup-temp-allocator-size-preload-manager=33554432"
    "memorysetup-temp-allocator-size-nav-mesh-worker=65536"
    "memorysetup-temp-allocator-size-audio-worker=65536"
    "memorysetup-temp-allocator-size-cloud-worker=32768"
    "memorysetup-temp-allocator-size-gi-baking-worker=262144"
    "memorysetup-temp-allocator-size-gfx=262144"
Player connection [18136] Host "[IP] 192.168.1.104 [Port] 0 [Flags] 2 [Guid] 1317850592 [EditorId] 1317850592 [Version] 1048832 [Id] WindowsEditor(7,MSI) [Debug] 1 [PackageName] WindowsEditor [ProjectName] Editor" joined multi-casting on [225.0.0.222:54997]...

Player connection [18136] Host "[IP] 192.168.1.104 [Port] 0 [Flags] 2 [Guid] 1317850592 [EditorId] 1317850592 [Version] 1048832 [Id] WindowsEditor(7,MSI) [Debug] 1 [PackageName] WindowsEditor [ProjectName] Editor" joined alternative multi-casting on [225.0.0.222:34997]...

Refreshing native plugins compatible for Editor in 160.06 ms, found 4 plugins.
Preloading 0 native plugins for Editor in 0.00 ms.
Initialize engine version: 2021.3.16f1 (4016570cf34f)
[Subsystems] Discovering subsystems at path D:/Uinty2019/2021.3.16f1/Editor/Data/Resources/UnitySubsystems
[Subsystems] Discovering subsystems at path C:/Users/Astbel/Desktop/Poke_unity/Pokemon/Assets
GfxDevice: creating device client; threaded=0; jobified=0
Direct3D:
    Version:  Direct3D 11.0 [level 11.1]
    Renderer: NVIDIA GeForce RTX 3060 Laptop GPU (ID=0x2520)
    Vendor:   NVIDIA
    VRAM:     6023 MB
    Driver:   30.0.14.9709
Initialize mono
Mono path[0] = 'D:/Uinty2019/2021.3.16f1/Editor/Data/Managed'
Mono path[1] = 'D:/Uinty2019/2021.3.16f1/Editor/Data/MonoBleedingEdge/lib/mono/unityjit-win32'
Mono config path = 'D:/Uinty2019/2021.3.16f1/Editor/Data/MonoBleedingEdge/etc'
Using monoOptions --debugger-agent=transport=dt_socket,embedding=1,server=y,suspend=n,address=127.0.0.1:56204
Begin MonoManager ReloadAssembly
Registering precompiled unity dll's ...
Register platform support module: D:/Uinty2019/2021.3.16f1/Editor/Data/PlaybackEngines/WindowsStandaloneSupport/UnityEditor.WindowsStandalone.Extensions.dll
Registered in 0.002716 seconds.
Native extension for WindowsStandalone target not found
Refreshing native plugins compatible for Editor in 156.57 ms, found 4 plugins.
Preloading 0 native plugins for Editor in 0.00 ms.
Mono: successfully reloaded assembly
- Completed reload, in  0.663 seconds
Domain Reload Profiling:
	ReloadAssembly (663ms)
		BeginReloadAssembly (66ms)
			ExecutionOrderSort (0ms)
			DisableScriptedObjects (0ms)
			BackupInstance (0ms)
			ReleaseScriptingObjects (0ms)
			CreateAndSetChildDomain (1ms)
		EndReloadAssembly (502ms)
			LoadAssemblies (65ms)
			RebuildTransferFunctionScriptingTraits (0ms)
			SetupTypeCache (120ms)
			ReleaseScriptCaches (0ms)
			RebuildScriptCaches (26ms)
			SetupLoadedEditorAssemblies (310ms)
				LogAssemblyErrors (0ms)
				InitializePlatformSupportModulesInManaged (6ms)
				SetLoadedEditorAssemblies (0ms)
				RefreshPlugins (157ms)
				BeforeProcessingInitializeOnLoad (1ms)
				ProcessInitializeOnLoadAttributes (103ms)
				ProcessInitializeOnLoadMethodAttributes (43ms)
				AfterProcessingInitializeOnLoad (0ms)
				EditorAssembliesLoaded (0ms)
			ExecutionOrderSort2 (0ms)
			AwakeInstancesAfterBackupRestoration (0ms)
Platform modules already initialized, skipping
Registering precompiled user dll's ...
Registered in 0.011366 seconds.
Begin MonoManager ReloadAssembly
Symbol file LoadedFromMemory doesn't match image C:\Users\Astbel\Desktop\Poke_unity\Pokemon\Library\PackageCache\com.unity.visualscripting@1.7.8\Editor\VisualScripting.Core\Dependencies\YamlDotNet\Unity.VisualScripting.YamlDotNet.dll
Symbol file LoadedFromMemory doesn't match image C:\Users\Astbel\Desktop\Poke_unity\Pokemon\Library\PackageCache\com.unity.visualscripting@1.7.8\Editor\VisualScripting.Core\Dependencies\DotNetZip\Unity.VisualScripting.IonicZip.dll
Native extension for WindowsStandalone target not found
Refreshing native plugins compatible for Editor in 155.45 ms, found 4 plugins.
Preloading 0 native plugins for Editor in 0.00 ms.
Mono: successfully reloaded assembly
- Completed reload, in  1.086 seconds
Domain Reload Profiling:
	ReloadAssembly (1087ms)
		BeginReloadAssembly (89ms)
			ExecutionOrderSort (0ms)
			DisableScriptedObjects (4ms)
			BackupInstance (0ms)
			ReleaseScriptingObjects (0ms)
			CreateAndSetChildDomain (18ms)
		EndReloadAssembly (900ms)
			LoadAssemblies (75ms)
			RebuildTransferFunctionScriptingTraits (0ms)
			SetupTypeCache (204ms)
			ReleaseScriptCaches (1ms)
			RebuildScriptCaches (65ms)
			SetupLoadedEditorAssemblies (495ms)
				LogAssemblyErrors (0ms)
				InitializePlatformSupportModulesInManaged (3ms)
				SetLoadedEditorAssemblies (0ms)
				RefreshPlugins (156ms)
				BeforeProcessingInitializeOnLoad (84ms)
				ProcessInitializeOnLoadAttributes (211ms)
				ProcessInitializeOnLoadMethodAttributes (38ms)
				AfterProcessingInitializeOnLoad (2ms)
				EditorAssembliesLoaded (0ms)
			ExecutionOrderSort2 (0ms)
			AwakeInstancesAfterBackupRestoration (6ms)
Platform modules already initialized, skipping
========================================================================
Worker process is ready to serve import requests
Launched and connected shader compiler UnityShaderCompiler.exe after 0.03 seconds
Refreshing native plugins compatible for Editor in 1.48 ms, found 4 plugins.
Preloading 0 native plugins for Editor in 0.00 ms.
Unloading 4072 Unused Serialized files (Serialized files now loaded: 0)
Unloading 46 unused Assets / (229.3 KB). Loaded Objects now: 4526.
Memory consumption went from 160.7 MB to 160.5 MB.
Total: 2.665300 ms (FindLiveObjects: 0.316900 ms CreateObjectMapping: 0.104700 ms MarkObjects: 2.109200 ms  DeleteObjects: 0.133700 ms)

AssetImportParameters requested are different than current active one (requested -> active):
  custom:video-decoder-ogg-theora: a1e56fd34408186e4bbccfd4996cb3dc -> 
  custom:container-muxer-webm: aa71ff27fc2769a1b78a27578f13a17b -> 
  custom:container-demuxer-webm: 4f35f7cbe854078d1ac9338744f61a02 -> 
  custom:video-encoder-webm-vp8: eb34c28f22e8b96e1ab97ce403110664 -> 
  custom:audio-encoder-webm-vorbis: bf7c407c2cedff20999df2af8eb42d56 -> 
  custom:framework-win-MediaFoundation: 216162199b28c13a410421893ffa2e32 -> 
  custom:container-demuxer-ogg: 62fdf1f143b41e24485cea50d1cbac27 -> 
  custom:video-decoder-webm-vp8: 9c59270c3fd7afecdb556c50c9e8de78 -> 
  custom:audio-decoder-ogg-vorbis: bf7c407c2cedff20999df2af8eb42d56 -> 
========================================================================
Received Prepare
Registering precompiled user dll's ...
Registered in 0.006781 seconds.
Begin MonoManager ReloadAssembly
Symbol file LoadedFromMemory doesn't match image C:\Users\Astbel\Desktop\Poke_unity\Pokemon\Library\PackageCache\com.unity.visualscripting@1.7.8\Editor\VisualScripting.Core\Dependencies\YamlDotNet\Unity.VisualScripting.YamlDotNet.dll
Symbol file LoadedFromMemory doesn't match image C:\Users\Astbel\Desktop\Poke_unity\Pokemon\Library\PackageCache\com.unity.visualscripting@1.7.8\Editor\VisualScripting.Core\Dependencies\DotNetZip\Unity.VisualScripting.IonicZip.dll
Native extension for WindowsStandalone target not found
Refreshing native plugins compatible for Editor in 1.50 ms, found 4 plugins.
Preloading 0 native plugins for Editor in 0.00 ms.
Mono: successfully reloaded assembly
- Completed reload, in  0.846 seconds
Domain Reload Profiling:
	ReloadAssembly (847ms)
		BeginReloadAssembly (117ms)
			ExecutionOrderSort (0ms)
			DisableScriptedObjects (6ms)
			BackupInstance (0ms)
			ReleaseScriptingObjects (0ms)
			CreateAndSetChildDomain (36ms)
		EndReloadAssembly (637ms)
			LoadAssemblies (77ms)
			RebuildTransferFunctionScriptingTraits (0ms)
			SetupTypeCache (200ms)
			ReleaseScriptCaches (2ms)
			RebuildScriptCaches (36ms)
			SetupLoadedEditorAssemblies (285ms)
				LogAssemblyErrors (0ms)
				InitializePlatformSupportModulesInManaged (9ms)
				SetLoadedEditorAssemblies (0ms)
				RefreshPlugins (2ms)
				BeforeProcessingInitializeOnLoad (63ms)
				ProcessInitializeOnLoadAttributes (177ms)
				ProcessInitializeOnLoadMethodAttributes (32ms)
				AfterProcessingInitializeOnLoad (2ms)
				EditorAssembliesLoaded (0ms)
			ExecutionOrderSort2 (0ms)
			AwakeInstancesAfterBackupRestoration (8ms)
Platform modules already initialized, skipping
Refreshing native plugins compatible for Editor in 3.45 ms, found 4 plugins.
Preloading 0 native plugins for Editor in 0.00 ms.
Unloading 4067 Unused Serialized files (Serialized files now loaded: 0)
Unloading 33 unused Assets / (195.7 KB). Loaded Objects now: 4529.
Memory consumption went from 160.7 MB to 160.5 MB.
Total: 2.808600 ms (FindLiveObjects: 0.261300 ms CreateObjectMapping: 0.106700 ms MarkObjects: 2.308400 ms  DeleteObjects: 0.131100 ms)

AssetImportParameters requested are different than current active one (requested -> active):
  custom:video-decoder-ogg-theora: a1e56fd34408186e4bbccfd4996cb3dc -> 
  custom:container-muxer-webm: aa71ff27fc2769a1b78a27578f13a17b -> 
  custom:container-demuxer-webm: 4f35f7cbe854078d1ac9338744f61a02 -> 
  custom:video-encoder-webm-vp8: eb34c28f22e8b96e1ab97ce403110664 -> 
  custom:audio-encoder-webm-vorbis: bf7c407c2cedff20999df2af8eb42d56 -> 
  custom:framework-win-MediaFoundation: 216162199b28c13a410421893ffa2e32 -> 
  custom:container-demuxer-ogg: 62fdf1f143b41e24485cea50d1cbac27 -> 
  custom:video-decoder-webm-vp8: 9c59270c3fd7afecdb556c50c9e8de78 -> 
  custom:audio-decoder-ogg-vorbis: bf7c407c2cedff20999df2af8eb42d56 -> 
========================================================================
Received Import Request.
  Time since last request: 16349.458134 seconds.
  path: Assets/Sprite/NPC
  artifactKey: Guid(1d5944b39c796eb4ba35c0b14b8050b1) Importer(815301076,1909f56bfc062723c751e8b465ee728b)
Start importing Assets/Sprite/NPC using Guid(1d5944b39c796eb4ba35c0b14b8050b1) Importer(815301076,1909f56bfc062723c751e8b465ee728b)  -> (artifact id: '77e2e1a799032759536ee70c60d1ab71') in 0.009667 seconds 
========================================================================
Received Import Request.
  Time since last request: 0.077543 seconds.
  path: Assets/Sprite/NPC/DS DSi - Pokemon HeartGold SoulSilver - Trainers Overworld.png
  artifactKey: Guid(3098c87a4e81a184c8af7a47aa4c2e6c) Importer(815301076,1909f56bfc062723c751e8b465ee728b)
Start importing Assets/Sprite/NPC/DS DSi - Pokemon HeartGold SoulSilver - Trainers Overworld.png using Guid(3098c87a4e81a184c8af7a47aa4c2e6c) Importer(815301076,1909f56bfc062723c751e8b465ee728b)  -> (artifact id: '5a12a8aea3e2702ab65b8b4750241424') in 0.157985 seconds 
========================================================================
Received Import Request.
  Time since last request: 9.253263 seconds.
  path: Assets/Sprite/NPC/DS DSi - Pokemon HeartGold SoulSilver - Trainers Overworld.png
  artifactKey: Guid(3098c87a4e81a184c8af7a47aa4c2e6c) Importer(815301076,1909f56bfc062723c751e8b465ee728b)
Start importing Assets/Sprite/NPC/DS DSi - Pokemon HeartGold SoulSilver - Trainers Overworld.png using Guid(3098c87a4e81a184c8af7a47aa4c2e6c) Importer(815301076,1909f56bfc062723c751e8b465ee728b)  -> (artifact id: '9380bf95523b9b81a4778f76eb623803') in 0.041632 seconds 
========================================================================
Received Import Request.
  Time since last request: 104.265583 seconds.
  path: Assets/Sprite/NPC/DS DSi - Pokemon HeartGold SoulSilver - Trainers Overworld.png
  artifactKey: Guid(3098c87a4e81a184c8af7a47aa4c2e6c) Importer(815301076,1909f56bfc062723c751e8b465ee728b)
Start importing Assets/Sprite/NPC/DS DSi - Pokemon HeartGold SoulSilver - Trainers Overworld.png using Guid(3098c87a4e81a184c8af7a47aa4c2e6c) Importer(815301076,1909f56bfc062723c751e8b465ee728b)  -> (artifact id: 'e81ca1f0a9b1f7127e584547385c8ae1') in 0.969687 seconds 
========================================================================
Received Import Request.
  Time since last request: 3203.772041 seconds.
  path: Assets/Sprite/NPC/DS DSi - Pokemon HeartGold SoulSilver - BugBoy.png
  artifactKey: Guid(ce78d75a1b7fde9469aea8e58aad1559) Importer(815301076,1909f56bfc062723c751e8b465ee728b)
Start importing Assets/Sprite/NPC/DS DSi - Pokemon HeartGold SoulSilver - BugBoy.png using Guid(ce78d75a1b7fde9469aea8e58aad1559) Importer(815301076,1909f56bfc062723c751e8b465ee728b)  -> (artifact id: 'd1a3b6dc4ae2d4ce396647c3b1d22f0a') in 0.044828 seconds 
========================================================================
Received Import Request.
  Time since last request: 0.000057 seconds.
  path: Assets/Sprite/NPC/DS DSi - Pokemon HeartGold SoulSilver - TeamRockLeader3.png
  artifactKey: Guid(9961165da06f56042926518f654c89af) Importer(815301076,1909f56bfc062723c751e8b465ee728b)
Start importing Assets/Sprite/NPC/DS DSi - Pokemon HeartGold SoulSilver - TeamRockLeader3.png using Guid(9961165da06f56042926518f654c89af) Importer(815301076,1909f56bfc062723c751e8b465ee728b)  -> (artifact id: 'ce458052a68fa08aeef6d1a13c269f06') in 0.016467 seconds 
========================================================================
Received Import Request.
  Time since last request: 0.000051 seconds.
  path: Assets/Sprite/NPC/DS DSi - Pokemon HeartGold SoulSilver - NpcBikeBoy.png
  artifactKey: Guid(71fe23e95a3c15d4e87debd80adf7aab) Importer(815301076,1909f56bfc062723c751e8b465ee728b)
Start importing Assets/Sprite/NPC/DS DSi - Pokemon HeartGold SoulSilver - NpcBikeBoy.png using Guid(71fe23e95a3c15d4e87debd80adf7aab) Importer(815301076,1909f56bfc062723c751e8b465ee728b)  -> (artifact id: '0d2b0273dc3533c8e407278a0f18a797') in 0.016218 seconds 
========================================================================
Received Import Request.
  Time since last request: 0.000040 seconds.
  path: Assets/Sprite/NPC/DS DSi - Pokemon HeartGold SoulSilver - Elite3.png
  artifactKey: Guid(f2e1b72a6dc83ed4fb704ebeb134607b) Importer(815301076,1909f56bfc062723c751e8b465ee728b)
Start importing Assets/Sprite/NPC/DS DSi - Pokemon HeartGold SoulSilver - Elite3.png using Guid(f2e1b72a6dc83ed4fb704ebeb134607b) Importer(815301076,1909f56bfc062723c751e8b465ee728b)  -> (artifact id: 'e2a0c237a0504bf849931f2a0d91b298') in 0.033138 seconds 
========================================================================
Received Import Request.
  Time since last request: 0.000038 seconds.
  path: Assets/Sprite/NPC/DS DSi - Pokemon HeartGold SoulSilver - GYMleader14.png
  artifactKey: Guid(8b85f3a81b965744083eff9bdd87f801) Importer(815301076,1909f56bfc062723c751e8b465ee728b)
Start importing Assets/Sprite/NPC/DS DSi - Pokemon HeartGold SoulSilver - GYMleader14.png using Guid(8b85f3a81b965744083eff9bdd87f801) Importer(815301076,1909f56bfc062723c751e8b465ee728b)  -> (artifact id: '4db086cff006c5c7edb0d51383e8d811') in 0.012606 seconds 
========================================================================
Received Import Request.
  Time since last request: 0.000027 seconds.
  path: Assets/Sprite/NPC/DS DSi - Pokemon HeartGold SoulSilver - Elite4.png
  artifactKey: Guid(a43e089a7be88714f962abbb2e387517) Importer(815301076,1909f56bfc062723c751e8b465ee728b)
Start importing Assets/Sprite/NPC/DS DSi - Pokemon HeartGold SoulSilver - Elite4.png using Guid(a43e089a7be88714f962abbb2e387517) Importer(815301076,1909f56bfc062723c751e8b465ee728b)  -> (artifact id: '920a98e9e067ef8d9d423a0f3e1e29cf') in 0.013355 seconds 
========================================================================
Received Import Request.
  Time since last request: 0.000028 seconds.
  path: Assets/Sprite/NPC/DS DSi - Pokemon HeartGold SoulSilver - TeamRockLeader1.png
  artifactKey: Guid(35246b0d78891ca4791a341df8f261ee) Importer(815301076,1909f56bfc062723c751e8b465ee728b)
Start importing Assets/Sprite/NPC/DS DSi - Pokemon HeartGold SoulSilver - TeamRockLeader1.png using Guid(35246b0d78891ca4791a341df8f261ee) Importer(815301076,1909f56bfc062723c751e8b465ee728b)  -> (artifact id: 'c79b244a21d18a476b5445c01c684a60') in 0.015331 seconds 
========================================================================
Received Import Request.
  Time since last request: 0.000033 seconds.
  path: Assets/Sprite/NPC/DS DSi - Pokemon HeartGold SoulSilver - GYMleader2.png
  artifactKey: Guid(1a4ce904ed128fe4e80be35817b64905) Importer(815301076,1909f56bfc062723c751e8b465ee728b)
Start importing Assets/Sprite/NPC/DS DSi - Pokemon HeartGold SoulSilver - GYMleader2.png using Guid(1a4ce904ed128fe4e80be35817b64905) Importer(815301076,1909f56bfc062723c751e8b465ee728b)  -> (artifact id: '039f20781654f749916ac960aa4fdb9d') in 0.016093 seconds 
========================================================================
Received Import Request.
  Time since last request: 0.000030 seconds.
  path: Assets/Sprite/NPC/DS DSi - Pokemon HeartGold SoulSilver - GYMleader5.png
  artifactKey: Guid(50c48e695bfcc744db42236d6a08cc96) Importer(815301076,1909f56bfc062723c751e8b465ee728b)
Start importing Assets/Sprite/NPC/DS DSi - Pokemon HeartGold SoulSilver - GYMleader5.png using Guid(50c48e695bfcc744db42236d6a08cc96) Importer(815301076,1909f56bfc062723c751e8b465ee728b)  -> (artifact id: '3fe97f7a77c382fe9dd837deb2f3a662') in 0.013519 seconds 
========================================================================
Received Import Request.
  Time since last request: 0.000028 seconds.
  path: Assets/Sprite/NPC/DS DSi - Pokemon HeartGold SoulSilver - NpcSuitBoy.png
  artifactKey: Guid(75c5592534af2c04f865d6f183d70467) Importer(815301076,1909f56bfc062723c751e8b465ee728b)
Start importing Assets/Sprite/NPC/DS DSi - Pokemon HeartGold SoulSilver - NpcSuitBoy.png using Guid(75c5592534af2c04f865d6f183d70467) Importer(815301076,1909f56bfc062723c751e8b465ee728b)  -> (artifact id: '89d1c9d427aa0dc39f7295ded3f40805') in 0.013598 seconds 
========================================================================
Received Import Request.
  Time since last request: 0.000026 seconds.
  path: Assets/Sprite/NPC/DS DSi - Pokemon HeartGold SoulSilver - GYMleader16.png
  artifactKey: Guid(d2d778159c3cf0745b47b40a0d79ad7c) Importer(815301076,1909f56bfc062723c751e8b465ee728b)
Start importing Assets/Sprite/NPC/DS DSi - Pokemon HeartGold SoulSilver - GYMleader16.png using Guid(d2d778159c3cf0745b47b40a0d79ad7c) Importer(815301076,1909f56bfc062723c751e8b465ee728b)  -> (artifact id: 'dc510923619882c0576b0bc431149ac9') in 0.012178 seconds 
========================================================================
Received Import Request.
  Time since last request: 0.000031 seconds.
  path: Assets/Sprite/NPC/DS DSi - Pokemon HeartGold SoulSilver - Champ1.png
  artifactKey: Guid(a50559970c8069c41929e54e08001012) Importer(815301076,1909f56bfc062723c751e8b465ee728b)
Start importing Assets/Sprite/NPC/DS DSi - Pokemon HeartGold SoulSilver - Champ1.png using Guid(a50559970c8069c41929e54e08001012) Importer(815301076,1909f56bfc062723c751e8b465ee728b)  -> (artifact id: '99e9c43ca0d58657ad1387fb2fc35490') in 0.010993 seconds 
========================================================================
Received Import Request.
  Time since last request: 0.000038 seconds.
  path: Assets/Sprite/NPC/DS DSi - Pokemon HeartGold SoulSilver - NpcWildGuy.png
  artifactKey: Guid(4aa4fd8e79f84f140b090b7267221066) Importer(815301076,1909f56bfc062723c751e8b465ee728b)
Start importing Assets/Sprite/NPC/DS DSi - Pokemon HeartGold SoulSilver - NpcWildGuy.png using Guid(4aa4fd8e79f84f140b090b7267221066) Importer(815301076,1909f56bfc062723c751e8b465ee728b)  -> (artifact id: '9ef54e9db6a18659418392904a107540') in 0.011699 seconds 
========================================================================
Received Import Request.
  Time since last request: 0.000025 seconds.
  path: Assets/Sprite/NPC/DS DSi - Pokemon HeartGold SoulSilver - NpcBoyElite.png
  artifactKey: Guid(9cadf192f3be869409e6a825d8646426) Importer(815301076,1909f56bfc062723c751e8b465ee728b)
Start importing Assets/Sprite/NPC/DS DSi - Pokemon HeartGold SoulSilver - NpcBoyElite.png using Guid(9cadf192f3be869409e6a825d8646426) Importer(815301076,1909f56bfc062723c751e8b465ee728b)  -> (artifact id: '44a26a541b1a492bc671824e787e835e') in 0.010885 seconds 
========================================================================
Received Import Request.
  Time since last request: 0.000029 seconds.
  path: Assets/Sprite/NPC/DS DSi - Pokemon HeartGold SoulSilver - GYMleader11.png
  artifactKey: Guid(929d0b7b3dda67243b6c68f6187eb397) Importer(815301076,1909f56bfc062723c751e8b465ee728b)
Start importing Assets/Sprite/NPC/DS DSi - Pokemon HeartGold SoulSilver - GYMleader11.png using Guid(929d0b7b3dda67243b6c68f6187eb397) Importer(815301076,1909f56bfc062723c751e8b465ee728b)  -> (artifact id: '161ba8dc6908eea84211af2f157219e8') in 0.009844 seconds 
========================================================================
Received Import Request.
  Time since last request: 0.000029 seconds.
  path: Assets/Sprite/NPC/DS DSi - Pokemon HeartGold SoulSilver - GYMleader4.png
  artifactKey: Guid(cc8c53b1603dcc84fa99918b7365ae5c) Importer(815301076,1909f56bfc062723c751e8b465ee728b)
Start importing Assets/Sprite/NPC/DS DSi - Pokemon HeartGold SoulSilver - GYMleader4.png using Guid(cc8c53b1603dcc84fa99918b7365ae5c) Importer(815301076,1909f56bfc062723c751e8b465ee728b)  -> (artifact id: 'e89b5b6c4f15efbb46f45c31f341a6fc') in 0.008664 seconds 
========================================================================
Received Import Request.
  Time since last request: 0.000028 seconds.
  path: Assets/Sprite/NPC/DS DSi - Pokemon HeartGold SoulSilver - GYMleader1.png
  artifactKey: Guid(8ed9d9e252998a24ca5a0cdb02225923) Importer(815301076,1909f56bfc062723c751e8b465ee728b)
Start importing Assets/Sprite/NPC/DS DSi - Pokemon HeartGold SoulSilver - GYMleader1.png using Guid(8ed9d9e252998a24ca5a0cdb02225923) Importer(815301076,1909f56bfc062723c751e8b465ee728b)  -> (artifact id: '9a4ebde60619f07a52574b92239c5381') in 0.009964 seconds 
========================================================================
Received Import Request.
  Time since last request: 0.000028 seconds.
  path: Assets/Sprite/NPC/DS DSi - Pokemon HeartGold SoulSilver - Red.png
  artifactKey: Guid(062375eabda41f542a0f6612ae787910) Importer(815301076,1909f56bfc062723c751e8b465ee728b)
Start importing Assets/Sprite/NPC/DS DSi - Pokemon HeartGold SoulSilver - Red.png using Guid(062375eabda41f542a0f6612ae787910) Importer(815301076,1909f56bfc062723c751e8b465ee728b)  -> (artifact id: '801ac4cc77489cd0f1f58646e79c00c9') in 0.011207 seconds 
========================================================================
Received Import Request.
  Time since last request: 0.000027 seconds.
  path: Assets/Sprite/NPC/DS DSi - Pokemon HeartGold SoulSilver - TeamRockBoss.png
  artifactKey: Guid(0190c9a75c1689b4d9211a21965afd45) Importer(815301076,1909f56bfc062723c751e8b465ee728b)
Start importing Assets/Sprite/NPC/DS DSi - Pokemon HeartGold SoulSilver - TeamRockBoss.png using Guid(0190c9a75c1689b4d9211a21965afd45) Importer(815301076,1909f56bfc062723c751e8b465ee728b)  -> (artifact id: '75d5f995eff88e04df6d9c3aa16aeae9') in 0.010820 seconds 
========================================================================
Received Import Request.
  Time since last request: 0.000047 seconds.
  path: Assets/Sprite/NPC/DS DSi - Pokemon HeartGold SoulSilver - NpcFishGuy.png
  artifactKey: Guid(9e4b5cd36e7c3274d81b612d9fb49eeb) Importer(815301076,1909f56bfc062723c751e8b465ee728b)
Start importing Assets/Sprite/NPC/DS DSi - Pokemon HeartGold SoulSilver - NpcFishGuy.png using Guid(9e4b5cd36e7c3274d81b612d9fb49eeb) Importer(815301076,1909f56bfc062723c751e8b465ee728b)  -> (artifact id: 'b067689de261ecd917262b4a972f7105') in 0.009901 seconds 
========================================================================
Received Import Request.
  Time since last request: 0.000025 seconds.
  path: Assets/Sprite/NPC/DS DSi - Pokemon HeartGold SoulSilver - GYMleader13.png
  artifactKey: Guid(7e3ba5422b538104cbfa76b4d6e5bd67) Importer(815301076,1909f56bfc062723c751e8b465ee728b)
Start importing Assets/Sprite/NPC/DS DSi - Pokemon HeartGold SoulSilver - GYMleader13.png using Guid(7e3ba5422b538104cbfa76b4d6e5bd67) Importer(815301076,1909f56bfc062723c751e8b465ee728b)  -> (artifact id: 'bec8001220aff390ba2174eaeca0b85b') in 0.010719 seconds 
========================================================================
Received Import Request.
  Time since last request: 0.000030 seconds.
  path: Assets/Sprite/NPC/DS DSi - Pokemon HeartGold SoulSilver - GYMleader10.png
  artifactKey: Guid(90f78b9b1f4de7e42811f495499a1c01) Importer(815301076,1909f56bfc062723c751e8b465ee728b)
Start importing Assets/Sprite/NPC/DS DSi - Pokemon HeartGold SoulSilver - GYMleader10.png using Guid(90f78b9b1f4de7e42811f495499a1c01) Importer(815301076,1909f56bfc062723c751e8b465ee728b)  -> (artifact id: '12d24cb66d16a79b33baea18735451a2') in 0.009909 seconds 
========================================================================
Received Import Request.
  Time since last request: 0.000023 seconds.
  path: Assets/Sprite/NPC/DS DSi - Pokemon HeartGold SoulSilver - GYMleader6.png
  artifactKey: Guid(95fd3d96d7ee1d0499771f8ef6636596) Importer(815301076,1909f56bfc062723c751e8b465ee728b)
Start importing Assets/Sprite/NPC/DS DSi - Pokemon HeartGold SoulSilver - GYMleader6.png using Guid(95fd3d96d7ee1d0499771f8ef6636596) Importer(815301076,1909f56bfc062723c751e8b465ee728b)  -> (artifact id: 'a05d8260ba97787d67097a8e4d7bdae3') in 0.010549 seconds 
========================================================================
Received Import Request.
  Time since last request: 0.000025 seconds.
  path: Assets/Sprite/NPC/DS DSi - Pokemon HeartGold SoulSilver - TeamRockLeader2.png
  artifactKey: Guid(ad522afdb9ab1bd459da4cedef852ca6) Importer(815301076,1909f56bfc062723c751e8b465ee728b)
Start importing Assets/Sprite/NPC/DS DSi - Pokemon HeartGold SoulSilver - TeamRockLeader2.png using Guid(ad522afdb9ab1bd459da4cedef852ca6) Importer(815301076,1909f56bfc062723c751e8b465ee728b)  -> (artifact id: '4cd9622b20055ec7767c1ad1b1a06739') in 0.009993 seconds 
========================================================================
Received Import Request.
  Time since last request: 0.000029 seconds.
  path: Assets/Sprite/NPC/DS DSi - Pokemon HeartGold SoulSilver - GYMleader15.png
  artifactKey: Guid(b38a805471e2f304ea5eacac7fe449f7) Importer(815301076,1909f56bfc062723c751e8b465ee728b)
Start importing Assets/Sprite/NPC/DS DSi - Pokemon HeartGold SoulSilver - GYMleader15.png using Guid(b38a805471e2f304ea5eacac7fe449f7) Importer(815301076,1909f56bfc062723c751e8b465ee728b)  -> (artifact id: '7e08b571c89d45f7f023d424473fdc17') in 0.010009 seconds 
========================================================================
Received Import Request.
  Time since last request: 0.000030 seconds.
  path: Assets/Sprite/NPC/DS DSi - Pokemon HeartGold SoulSilver - NpcSuitGril.png
  artifactKey: Guid(0ae374a987f1a7d4c8a9cd89d07f99f9) Importer(815301076,1909f56bfc062723c751e8b465ee728b)
Start importing Assets/Sprite/NPC/DS DSi - Pokemon HeartGold SoulSilver - NpcSuitGril.png using Guid(0ae374a987f1a7d4c8a9cd89d07f99f9) Importer(815301076,1909f56bfc062723c751e8b465ee728b)  -> (artifact id: 'ee64c6df5569311b21d567e87124bdde') in 0.010173 seconds 
========================================================================
Received Import Request.
  Time since last request: 0.000033 seconds.
  path: Assets/Sprite/NPC/DS DSi - Pokemon HeartGold SoulSilver - GYMleader8.png
  artifactKey: Guid(40a16915e65e8b040ae3487b41f504dc) Importer(815301076,1909f56bfc062723c751e8b465ee728b)
Start importing Assets/Sprite/NPC/DS DSi - Pokemon HeartGold SoulSilver - GYMleader8.png using Guid(40a16915e65e8b040ae3487b41f504dc) Importer(815301076,1909f56bfc062723c751e8b465ee728b)  -> (artifact id: 'dfb84e71f9a95c838c6395f0f8a963f0') in 0.008988 seconds 
Editor requested this worker to shutdown with reason: Scaling down because of idle timeout
AssetImportWorker is now disconnected from the server
Process exiting
Exiting without the bug reporter. Application will terminate with return code 0