Using pre-set license
Built from '2021.3/staging' branch; Version is '2021.3.16f1 (4016570cf34f) revision 4200023'; Using compiler version '192829333'; Build Type 'Release'
OS: 'Windows 10  (10.0.19044) 64bit Core' Language: 'zh' Physical Memory: 16085 MB
BatchMode: 1, IsHumanControllingUs: 0, StartBugReporterOnCrash: 0, Is64bit: 1, IsPro: 1

COMMAND LINE ARGUMENTS:
D:\Uinty2019\2021.3.16f1\Editor\Unity.exe
-adb2
-batchMode
-noUpm
-name
AssetImportWorker5
-projectPath
C:/Users/Astbel/Desktop/Poke_unity/Pokemon
-logFile
Logs/AssetImportWorker5.log
-srvPort
61874
Successfully changed project path to: C:/Users/Astbel/Desktop/Poke_unity/Pokemon
C:/Users/Astbel/Desktop/Poke_unity/Pokemon
[UnityMemory] Configuration Parameters - Can be set up in boot.config
    "memorysetup-bucket-allocator-granularity=16"
    "memorysetup-bucket-allocator-bucket-count=8"
    "memorysetup-bucket-allocator-block-size=33554432"
    "memorysetup-bucket-allocator-block-count=8"
    "memorysetup-main-allocator-block-size=16777216"
    "memorysetup-thread-allocator-block-size=16777216"
    "memorysetup-gfx-main-allocator-block-size=16777216"
    "memorysetup-gfx-thread-allocator-block-size=16777216"
    "memorysetup-cache-allocator-block-size=4194304"
    "memorysetup-typetree-allocator-block-size=2097152"
    "memorysetup-profiler-bucket-allocator-granularity=16"
    "memorysetup-profiler-bucket-allocator-bucket-count=8"
    "memorysetup-profiler-bucket-allocator-block-size=33554432"
    "memorysetup-profiler-bucket-allocator-block-count=8"
    "memorysetup-profiler-allocator-block-size=16777216"
    "memorysetup-profiler-editor-allocator-block-size=1048576"
    "memorysetup-temp-allocator-size-main=16777216"
    "memorysetup-job-temp-allocator-block-size=2097152"
    "memorysetup-job-temp-allocator-block-size-background=1048576"
    "memorysetup-job-temp-allocator-reduction-small-platforms=262144"
    "memorysetup-temp-allocator-size-background-worker=32768"
    "memorysetup-temp-allocator-size-job-worker=262144"
    "memorysetup-temp-allocator-size-preload-manager=33554432"
    "memorysetup-temp-allocator-size-nav-mesh-worker=65536"
    "memorysetup-temp-allocator-size-audio-worker=65536"
    "memorysetup-temp-allocator-size-cloud-worker=32768"
    "memorysetup-temp-allocator-size-gi-baking-worker=262144"
    "memorysetup-temp-allocator-size-gfx=262144"
Player connection [14260] Host "[IP] 192.168.1.104 [Port] 0 [Flags] 2 [Guid] 434013911 [EditorId] 434013911 [Version] 1048832 [Id] WindowsEditor(7,MSI) [Debug] 1 [PackageName] WindowsEditor [ProjectName] Editor" joined multi-casting on [225.0.0.222:54997]...

Player connection [14260] Host "[IP] 192.168.1.104 [Port] 0 [Flags] 2 [Guid] 434013911 [EditorId] 434013911 [Version] 1048832 [Id] WindowsEditor(7,MSI) [Debug] 1 [PackageName] WindowsEditor [ProjectName] Editor" joined alternative multi-casting on [225.0.0.222:34997]...

Refreshing native plugins compatible for Editor in 158.71 ms, found 4 plugins.
Preloading 0 native plugins for Editor in 0.00 ms.
Initialize engine version: 2021.3.16f1 (4016570cf34f)
[Subsystems] Discovering subsystems at path D:/Uinty2019/2021.3.16f1/Editor/Data/Resources/UnitySubsystems
[Subsystems] Discovering subsystems at path C:/Users/Astbel/Desktop/Poke_unity/Pokemon/Assets
GfxDevice: creating device client; threaded=0; jobified=0
Direct3D:
    Version:  Direct3D 11.0 [level 11.1]
    Renderer: NVIDIA GeForce RTX 3060 Laptop GPU (ID=0x2520)
    Vendor:   NVIDIA
    VRAM:     6023 MB
    Driver:   30.0.14.9709
Initialize mono
Mono path[0] = 'D:/Uinty2019/2021.3.16f1/Editor/Data/Managed'
Mono path[1] = 'D:/Uinty2019/2021.3.16f1/Editor/Data/MonoBleedingEdge/lib/mono/unityjit-win32'
Mono config path = 'D:/Uinty2019/2021.3.16f1/Editor/Data/MonoBleedingEdge/etc'
Using monoOptions --debugger-agent=transport=dt_socket,embedding=1,server=y,suspend=n,address=127.0.0.1:56828
Begin MonoManager ReloadAssembly
Registering precompiled unity dll's ...
Register platform support module: D:/Uinty2019/2021.3.16f1/Editor/Data/PlaybackEngines/WindowsStandaloneSupport/UnityEditor.WindowsStandalone.Extensions.dll
Registered in 0.002383 seconds.
Native extension for WindowsStandalone target not found
Refreshing native plugins compatible for Editor in 150.60 ms, found 4 plugins.
Preloading 0 native plugins for Editor in 0.00 ms.
Mono: successfully reloaded assembly
- Completed reload, in  0.660 seconds
Domain Reload Profiling:
	ReloadAssembly (660ms)
		BeginReloadAssembly (67ms)
			ExecutionOrderSort (0ms)
			DisableScriptedObjects (0ms)
			BackupInstance (0ms)
			ReleaseScriptingObjects (0ms)
			CreateAndSetChildDomain (1ms)
		EndReloadAssembly (498ms)
			LoadAssemblies (66ms)
			RebuildTransferFunctionScriptingTraits (0ms)
			SetupTypeCache (114ms)
			ReleaseScriptCaches (0ms)
			RebuildScriptCaches (26ms)
			SetupLoadedEditorAssemblies (312ms)
				LogAssemblyErrors (0ms)
				InitializePlatformSupportModulesInManaged (6ms)
				SetLoadedEditorAssemblies (0ms)
				RefreshPlugins (151ms)
				BeforeProcessingInitializeOnLoad (1ms)
				ProcessInitializeOnLoadAttributes (111ms)
				ProcessInitializeOnLoadMethodAttributes (43ms)
				AfterProcessingInitializeOnLoad (0ms)
				EditorAssembliesLoaded (0ms)
			ExecutionOrderSort2 (0ms)
			AwakeInstancesAfterBackupRestoration (0ms)
Platform modules already initialized, skipping
Registering precompiled user dll's ...
Registered in 0.008806 seconds.
Begin MonoManager ReloadAssembly
Symbol file LoadedFromMemory doesn't match image C:\Users\Astbel\Desktop\Poke_unity\Pokemon\Library\PackageCache\com.unity.visualscripting@1.7.8\Editor\VisualScripting.Core\Dependencies\YamlDotNet\Unity.VisualScripting.YamlDotNet.dll
Symbol file LoadedFromMemory doesn't match image C:\Users\Astbel\Desktop\Poke_unity\Pokemon\Library\PackageCache\com.unity.visualscripting@1.7.8\Editor\VisualScripting.Core\Dependencies\DotNetZip\Unity.VisualScripting.IonicZip.dll
Native extension for WindowsStandalone target not found
Refreshing native plugins compatible for Editor in 151.48 ms, found 4 plugins.
Preloading 0 native plugins for Editor in 0.00 ms.
Mono: successfully reloaded assembly
- Completed reload, in  1.088 seconds
Domain Reload Profiling:
	ReloadAssembly (1089ms)
		BeginReloadAssembly (92ms)
			ExecutionOrderSort (0ms)
			DisableScriptedObjects (5ms)
			BackupInstance (0ms)
			ReleaseScriptingObjects (0ms)
			CreateAndSetChildDomain (18ms)
		EndReloadAssembly (901ms)
			LoadAssemblies (77ms)
			RebuildTransferFunctionScriptingTraits (0ms)
			SetupTypeCache (206ms)
			ReleaseScriptCaches (1ms)
			RebuildScriptCaches (68ms)
			SetupLoadedEditorAssemblies (489ms)
				LogAssemblyErrors (0ms)
				InitializePlatformSupportModulesInManaged (3ms)
				SetLoadedEditorAssemblies (0ms)
				RefreshPlugins (152ms)
				BeforeProcessingInitializeOnLoad (84ms)
				ProcessInitializeOnLoadAttributes (210ms)
				ProcessInitializeOnLoadMethodAttributes (38ms)
				AfterProcessingInitializeOnLoad (2ms)
				EditorAssembliesLoaded (0ms)
			ExecutionOrderSort2 (0ms)
			AwakeInstancesAfterBackupRestoration (6ms)
Platform modules already initialized, skipping
========================================================================
Worker process is ready to serve import requests
Launched and connected shader compiler UnityShaderCompiler.exe after 0.04 seconds
Refreshing native plugins compatible for Editor in 1.37 ms, found 4 plugins.
Preloading 0 native plugins for Editor in 0.00 ms.
Unloading 4072 Unused Serialized files (Serialized files now loaded: 0)
Unloading 46 unused Assets / (229.3 KB). Loaded Objects now: 4526.
Memory consumption went from 160.7 MB to 160.5 MB.
Total: 2.856200 ms (FindLiveObjects: 0.315300 ms CreateObjectMapping: 0.133200 ms MarkObjects: 2.255900 ms  DeleteObjects: 0.150600 ms)

AssetImportParameters requested are different than current active one (requested -> active):
  custom:video-decoder-ogg-theora: a1e56fd34408186e4bbccfd4996cb3dc -> 
  custom:container-muxer-webm: aa71ff27fc2769a1b78a27578f13a17b -> 
  custom:container-demuxer-webm: 4f35f7cbe854078d1ac9338744f61a02 -> 
  custom:video-encoder-webm-vp8: eb34c28f22e8b96e1ab97ce403110664 -> 
  custom:audio-encoder-webm-vorbis: bf7c407c2cedff20999df2af8eb42d56 -> 
  custom:framework-win-MediaFoundation: 216162199b28c13a410421893ffa2e32 -> 
  custom:container-demuxer-ogg: 62fdf1f143b41e24485cea50d1cbac27 -> 
  custom:video-decoder-webm-vp8: 9c59270c3fd7afecdb556c50c9e8de78 -> 
  custom:audio-decoder-ogg-vorbis: bf7c407c2cedff20999df2af8eb42d56 -> 
========================================================================
Received Prepare
Registering precompiled user dll's ...
Registered in 0.007146 seconds.
Begin MonoManager ReloadAssembly
Symbol file LoadedFromMemory doesn't match image C:\Users\Astbel\Desktop\Poke_unity\Pokemon\Library\PackageCache\com.unity.visualscripting@1.7.8\Editor\VisualScripting.Core\Dependencies\YamlDotNet\Unity.VisualScripting.YamlDotNet.dll
Symbol file LoadedFromMemory doesn't match image C:\Users\Astbel\Desktop\Poke_unity\Pokemon\Library\PackageCache\com.unity.visualscripting@1.7.8\Editor\VisualScripting.Core\Dependencies\DotNetZip\Unity.VisualScripting.IonicZip.dll
Native extension for WindowsStandalone target not found
Refreshing native plugins compatible for Editor in 1.42 ms, found 4 plugins.
Preloading 0 native plugins for Editor in 0.00 ms.
Mono: successfully reloaded assembly
- Completed reload, in  0.845 seconds
Domain Reload Profiling:
	ReloadAssembly (845ms)
		BeginReloadAssembly (117ms)
			ExecutionOrderSort (0ms)
			DisableScriptedObjects (6ms)
			BackupInstance (0ms)
			ReleaseScriptingObjects (0ms)
			CreateAndSetChildDomain (35ms)
		EndReloadAssembly (627ms)
			LoadAssemblies (73ms)
			RebuildTransferFunctionScriptingTraits (0ms)
			SetupTypeCache (195ms)
			ReleaseScriptCaches (2ms)
			RebuildScriptCaches (37ms)
			SetupLoadedEditorAssemblies (284ms)
				LogAssemblyErrors (0ms)
				InitializePlatformSupportModulesInManaged (9ms)
				SetLoadedEditorAssemblies (0ms)
				RefreshPlugins (1ms)
				BeforeProcessingInitializeOnLoad (62ms)
				ProcessInitializeOnLoadAttributes (176ms)
				ProcessInitializeOnLoadMethodAttributes (31ms)
				AfterProcessingInitializeOnLoad (2ms)
				EditorAssembliesLoaded (0ms)
			ExecutionOrderSort2 (0ms)
			AwakeInstancesAfterBackupRestoration (8ms)
Platform modules already initialized, skipping
Refreshing native plugins compatible for Editor in 3.85 ms, found 4 plugins.
Preloading 0 native plugins for Editor in 0.00 ms.
Unloading 4067 Unused Serialized files (Serialized files now loaded: 0)
Unloading 33 unused Assets / (195.8 KB). Loaded Objects now: 4529.
Memory consumption went from 160.7 MB to 160.5 MB.
Total: 2.740400 ms (FindLiveObjects: 0.259000 ms CreateObjectMapping: 0.101200 ms MarkObjects: 2.244800 ms  DeleteObjects: 0.133200 ms)

AssetImportParameters requested are different than current active one (requested -> active):
  custom:video-decoder-ogg-theora: a1e56fd34408186e4bbccfd4996cb3dc -> 
  custom:container-muxer-webm: aa71ff27fc2769a1b78a27578f13a17b -> 
  custom:container-demuxer-webm: 4f35f7cbe854078d1ac9338744f61a02 -> 
  custom:video-encoder-webm-vp8: eb34c28f22e8b96e1ab97ce403110664 -> 
  custom:audio-encoder-webm-vorbis: bf7c407c2cedff20999df2af8eb42d56 -> 
  custom:framework-win-MediaFoundation: 216162199b28c13a410421893ffa2e32 -> 
  custom:container-demuxer-ogg: 62fdf1f143b41e24485cea50d1cbac27 -> 
  custom:video-decoder-webm-vp8: 9c59270c3fd7afecdb556c50c9e8de78 -> 
  custom:audio-decoder-ogg-vorbis: bf7c407c2cedff20999df2af8eb42d56 -> 
========================================================================
Received Import Request.
  Time since last request: 19668.031615 seconds.
  path: Assets/Sprite/NPC/DS DSi - Pokemon HeartGold SoulSilver - Champ.png
  artifactKey: Guid(4a837c14faa8da84db3a979219b5c06e) Importer(815301076,1909f56bfc062723c751e8b465ee728b)
Start importing Assets/Sprite/NPC/DS DSi - Pokemon HeartGold SoulSilver - Champ.png using Guid(4a837c14faa8da84db3a979219b5c06e) Importer(815301076,1909f56bfc062723c751e8b465ee728b)  -> (artifact id: '8ca18afcbe2289c341c1192d6c7ca39d') in 0.186451 seconds 
========================================================================
Received Import Request.
  Time since last request: 0.000042 seconds.
  path: Assets/Sprite/NPC/DS DSi - Pokemon HeartGold SoulSilver - NpcGril.png
  artifactKey: Guid(1830853307c4c7d48996724eb1211ae8) Importer(815301076,1909f56bfc062723c751e8b465ee728b)
Start importing Assets/Sprite/NPC/DS DSi - Pokemon HeartGold SoulSilver - NpcGril.png using Guid(1830853307c4c7d48996724eb1211ae8) Importer(815301076,1909f56bfc062723c751e8b465ee728b)  -> (artifact id: '757520cbc4b66c3551917464d9c9614f') in 0.010815 seconds 
========================================================================
Received Import Request.
  Time since last request: 0.000037 seconds.
  path: Assets/Sprite/NPC/DS DSi - Pokemon HeartGold SoulSilver - TeamRockBoy.png
  artifactKey: Guid(4e0c21ba3b0ef9a44ad3f471dfae0166) Importer(815301076,1909f56bfc062723c751e8b465ee728b)
Start importing Assets/Sprite/NPC/DS DSi - Pokemon HeartGold SoulSilver - TeamRockBoy.png using Guid(4e0c21ba3b0ef9a44ad3f471dfae0166) Importer(815301076,1909f56bfc062723c751e8b465ee728b)  -> (artifact id: '4db95fba8ac912d6287d009e554a7720') in 0.011937 seconds 
========================================================================
Received Import Request.
  Time since last request: 0.000058 seconds.
  path: Assets/Sprite/NPC/DS DSi - Pokemon HeartGold SoulSilver - oldwoman.png
  artifactKey: Guid(1bcefb5436b66a942827cc92fa350797) Importer(815301076,1909f56bfc062723c751e8b465ee728b)
Start importing Assets/Sprite/NPC/DS DSi - Pokemon HeartGold SoulSilver - oldwoman.png using Guid(1bcefb5436b66a942827cc92fa350797) Importer(815301076,1909f56bfc062723c751e8b465ee728b)  -> (artifact id: 'e7249eef9ad674efcb762c44ad529147') in 0.015160 seconds 
========================================================================
Received Import Request.
  Time since last request: 0.000027 seconds.
  path: Assets/Sprite/NPC/DS DSi - Pokemon HeartGold SoulSilver - NpcGrilElite.png
  artifactKey: Guid(7e6a5bf5018355e40be6991b910fbe71) Importer(815301076,1909f56bfc062723c751e8b465ee728b)
Start importing Assets/Sprite/NPC/DS DSi - Pokemon HeartGold SoulSilver - NpcGrilElite.png using Guid(7e6a5bf5018355e40be6991b910fbe71) Importer(815301076,1909f56bfc062723c751e8b465ee728b)  -> (artifact id: '6baf8d7838e8655c40e1c27afa87cf01') in 0.016010 seconds 
========================================================================
Received Import Request.
  Time since last request: 0.000044 seconds.
  path: Assets/Sprite/NPC/DS DSi - Pokemon HeartGold SoulSilver - TeamRockGril.png
  artifactKey: Guid(a68bf835fac6dd44e99727e883b129ab) Importer(815301076,1909f56bfc062723c751e8b465ee728b)
Start importing Assets/Sprite/NPC/DS DSi - Pokemon HeartGold SoulSilver - TeamRockGril.png using Guid(a68bf835fac6dd44e99727e883b129ab) Importer(815301076,1909f56bfc062723c751e8b465ee728b)  -> (artifact id: '94d5379671add7665d4ce33f2ea26407') in 0.013770 seconds 
========================================================================
Received Import Request.
  Time since last request: 0.000032 seconds.
  path: Assets/Sprite/NPC/DS DSi - Pokemon HeartGold SoulSilver - GYMleader7.png
  artifactKey: Guid(bce9eabd486f1db4bb6308c9a5468944) Importer(815301076,1909f56bfc062723c751e8b465ee728b)
Start importing Assets/Sprite/NPC/DS DSi - Pokemon HeartGold SoulSilver - GYMleader7.png using Guid(bce9eabd486f1db4bb6308c9a5468944) Importer(815301076,1909f56bfc062723c751e8b465ee728b)  -> (artifact id: '2607f84164621761803c3169204a6204') in 0.010788 seconds 
========================================================================
Received Import Request.
  Time since last request: 0.000021 seconds.
  path: Assets/Sprite/NPC/DS DSi - Pokemon HeartGold SoulSilver - GYMleader9.png
  artifactKey: Guid(0f49aaad03b41744daffa405ca3109b4) Importer(815301076,1909f56bfc062723c751e8b465ee728b)
Start importing Assets/Sprite/NPC/DS DSi - Pokemon HeartGold SoulSilver - GYMleader9.png using Guid(0f49aaad03b41744daffa405ca3109b4) Importer(815301076,1909f56bfc062723c751e8b465ee728b)  -> (artifact id: '1b39bd456118c3be21d914c2f937b714') in 0.011212 seconds 
========================================================================
Received Import Request.
  Time since last request: 0.000032 seconds.
  path: Assets/Sprite/NPC/DS DSi - Pokemon HeartGold SoulSilver - GYMleader3.png
  artifactKey: Guid(50a73b1a052190940bae6a41eea714fc) Importer(815301076,1909f56bfc062723c751e8b465ee728b)
Start importing Assets/Sprite/NPC/DS DSi - Pokemon HeartGold SoulSilver - GYMleader3.png using Guid(50a73b1a052190940bae6a41eea714fc) Importer(815301076,1909f56bfc062723c751e8b465ee728b)  -> (artifact id: '1282c06b0fdc3cfefa77fb1bb51783a5') in 0.009758 seconds 
========================================================================
Received Import Request.
  Time since last request: 0.000025 seconds.
  path: Assets/Sprite/NPC/DS DSi - Pokemon HeartGold SoulSilver - NpcGlassBoy.png
  artifactKey: Guid(974f608e4d07671479791c75f6106295) Importer(815301076,1909f56bfc062723c751e8b465ee728b)
Start importing Assets/Sprite/NPC/DS DSi - Pokemon HeartGold SoulSilver - NpcGlassBoy.png using Guid(974f608e4d07671479791c75f6106295) Importer(815301076,1909f56bfc062723c751e8b465ee728b)  -> (artifact id: 'b76fe524e12f4935d2821a26ddf72cfa') in 0.012057 seconds 
========================================================================
Received Import Request.
  Time since last request: 0.000024 seconds.
  path: Assets/Sprite/NPC/DS DSi - Pokemon HeartGold SoulSilver - TeamRockLeader4.png
  artifactKey: Guid(1065643bb0a98804ba228c4aa6d2238d) Importer(815301076,1909f56bfc062723c751e8b465ee728b)
Start importing Assets/Sprite/NPC/DS DSi - Pokemon HeartGold SoulSilver - TeamRockLeader4.png using Guid(1065643bb0a98804ba228c4aa6d2238d) Importer(815301076,1909f56bfc062723c751e8b465ee728b)  -> (artifact id: '878c46612c50cb732b8f5c66c4028b56') in 0.009071 seconds 
========================================================================
Received Import Request.
  Time since last request: 0.000026 seconds.
  path: Assets/Sprite/NPC/DS DSi - Pokemon HeartGold SoulSilver - Trainers Sliver.png
  artifactKey: Guid(93885c368c6dc334088a1a9ede1176e4) Importer(815301076,1909f56bfc062723c751e8b465ee728b)
Start importing Assets/Sprite/NPC/DS DSi - Pokemon HeartGold SoulSilver - Trainers Sliver.png using Guid(93885c368c6dc334088a1a9ede1176e4) Importer(815301076,1909f56bfc062723c751e8b465ee728b)  -> (artifact id: '224b3bdf2ccb6567871cd209d1ea1674') in 0.009287 seconds 
========================================================================
Received Import Request.
  Time since last request: 0.000027 seconds.
  path: Assets/Sprite/NPC/DS DSi - Pokemon HeartGold SoulSilver - NpcBoy2.png
  artifactKey: Guid(e258748e9dedf2a43832623ca77ed9f4) Importer(815301076,1909f56bfc062723c751e8b465ee728b)
Start importing Assets/Sprite/NPC/DS DSi - Pokemon HeartGold SoulSilver - NpcBoy2.png using Guid(e258748e9dedf2a43832623ca77ed9f4) Importer(815301076,1909f56bfc062723c751e8b465ee728b)  -> (artifact id: '7cb4de8084c019bc6589ed02fa4a02fb') in 0.010314 seconds 
========================================================================
Received Import Request.
  Time since last request: 0.000030 seconds.
  path: Assets/Sprite/NPC/DS DSi - Pokemon HeartGold SoulSilver - NpcMusicBoy.png
  artifactKey: Guid(7804deb0fdf4137449ba878fee9b2580) Importer(815301076,1909f56bfc062723c751e8b465ee728b)
Start importing Assets/Sprite/NPC/DS DSi - Pokemon HeartGold SoulSilver - NpcMusicBoy.png using Guid(7804deb0fdf4137449ba878fee9b2580) Importer(815301076,1909f56bfc062723c751e8b465ee728b)  -> (artifact id: '15ff95be7edb0d561a8bcece24812fd2') in 0.010026 seconds 
========================================================================
Received Import Request.
  Time since last request: 0.000025 seconds.
  path: Assets/Sprite/NPC/DS DSi - Pokemon HeartGold SoulSilver - Elite2.png
  artifactKey: Guid(ee7e1c5bd3e901643a09a7f3de0ec0a8) Importer(815301076,1909f56bfc062723c751e8b465ee728b)
Start importing Assets/Sprite/NPC/DS DSi - Pokemon HeartGold SoulSilver - Elite2.png using Guid(ee7e1c5bd3e901643a09a7f3de0ec0a8) Importer(815301076,1909f56bfc062723c751e8b465ee728b)  -> (artifact id: '9ecb4a693fcbc23f0f3f860bff2201a1') in 0.009400 seconds 
========================================================================
Received Import Request.
  Time since last request: 0.000036 seconds.
  path: Assets/Sprite/NPC/DS DSi - Pokemon HeartGold SoulSilver - NpcYoungGril.png
  artifactKey: Guid(b67b8b51152a91249808712356acad0d) Importer(815301076,1909f56bfc062723c751e8b465ee728b)
Start importing Assets/Sprite/NPC/DS DSi - Pokemon HeartGold SoulSilver - NpcYoungGril.png using Guid(b67b8b51152a91249808712356acad0d) Importer(815301076,1909f56bfc062723c751e8b465ee728b)  -> (artifact id: '073a9badad3cc5147ecd9f08994bd2fe') in 0.010845 seconds 
========================================================================
Received Import Request.
  Time since last request: 0.000023 seconds.
  path: Assets/Sprite/NPC/DS DSi - Pokemon HeartGold SoulSilver - Elite1.png
  artifactKey: Guid(448f0e2dbd6f45149a41111f8698e3da) Importer(815301076,1909f56bfc062723c751e8b465ee728b)
Start importing Assets/Sprite/NPC/DS DSi - Pokemon HeartGold SoulSilver - Elite1.png using Guid(448f0e2dbd6f45149a41111f8698e3da) Importer(815301076,1909f56bfc062723c751e8b465ee728b)  -> (artifact id: '9082fd4b5286b815ff74d2d250328ef4') in 0.008195 seconds 
========================================================================
Received Import Request.
  Time since last request: 0.000024 seconds.
  path: Assets/Sprite/NPC/DS DSi - Pokemon HeartGold SoulSilver - NpcBoy.png
  artifactKey: Guid(25a9b5747fde9aa42b49eb15aedb495e) Importer(815301076,1909f56bfc062723c751e8b465ee728b)
Start importing Assets/Sprite/NPC/DS DSi - Pokemon HeartGold SoulSilver - NpcBoy.png using Guid(25a9b5747fde9aa42b49eb15aedb495e) Importer(815301076,1909f56bfc062723c751e8b465ee728b)  -> (artifact id: '74cf059f15e9678fed9ac86fe16c80cf') in 0.010911 seconds 
========================================================================
Received Import Request.
  Time since last request: 0.000021 seconds.
  path: Assets/Sprite/NPC/DS DSi - Pokemon HeartGold SoulSilver - Profecess.png
  artifactKey: Guid(5a7448be64802034c94c390c754987f6) Importer(815301076,1909f56bfc062723c751e8b465ee728b)
Start importing Assets/Sprite/NPC/DS DSi - Pokemon HeartGold SoulSilver - Profecess.png using Guid(5a7448be64802034c94c390c754987f6) Importer(815301076,1909f56bfc062723c751e8b465ee728b)  -> (artifact id: 'baac6d74e240b5a28dc816826e85be51') in 0.010464 seconds 
========================================================================
Received Import Request.
  Time since last request: 0.000021 seconds.
  path: Assets/Sprite/NPC/DS DSi - Pokemon HeartGold SoulSilver - NpcOldMan.png
  artifactKey: Guid(7fe31af30c2d3874aa7962ac99719f4b) Importer(815301076,1909f56bfc062723c751e8b465ee728b)
Start importing Assets/Sprite/NPC/DS DSi - Pokemon HeartGold SoulSilver - NpcOldMan.png using Guid(7fe31af30c2d3874aa7962ac99719f4b) Importer(815301076,1909f56bfc062723c751e8b465ee728b)  -> (artifact id: '2cd413f91ab3e46692c3d3aabb9b198d') in 0.008673 seconds 
========================================================================
Received Import Request.
  Time since last request: 0.000021 seconds.
  path: Assets/Sprite/NPC/DS DSi - Pokemon HeartGold SoulSilver - GYMleader12.png
  artifactKey: Guid(cd7b3ce7574472748a108aed5f05598c) Importer(815301076,1909f56bfc062723c751e8b465ee728b)
Start importing Assets/Sprite/NPC/DS DSi - Pokemon HeartGold SoulSilver - GYMleader12.png using Guid(cd7b3ce7574472748a108aed5f05598c) Importer(815301076,1909f56bfc062723c751e8b465ee728b)  -> (artifact id: 'b45e6a0a040dc9f4de120827b7d98604') in 0.009874 seconds 
Editor requested this worker to shutdown with reason: Scaling down because of idle timeout
AssetImportWorker is now disconnected from the server
Process exiting
Exiting without the bug reporter. Application will terminate with return code 0