Using pre-set license
Built from '2021.3/staging' branch; Version is '2021.3.16f1 (4016570cf34f) revision 4200023'; Using compiler version '192829333'; Build Type 'Release'
OS: 'Windows 10  (10.0.19044) 64bit Core' Language: 'zh' Physical Memory: 16085 MB
BatchMode: 1, IsHumanControllingUs: 0, StartBugReporterOnCrash: 0, Is64bit: 1, IsPro: 1

COMMAND LINE ARGUMENTS:
D:\Uinty2019\2021.3.16f1\Editor\Unity.exe
-adb2
-batchMode
-noUpm
-name
AssetImportWorker2
-projectPath
C:/Users/Astbel/Desktop/Poke_unity/Pokemon
-logFile
Logs/AssetImportWorker2.log
-srvPort
55094
Successfully changed project path to: C:/Users/Astbel/Desktop/Poke_unity/Pokemon
C:/Users/Astbel/Desktop/Poke_unity/Pokemon
[UnityMemory] Configuration Parameters - Can be set up in boot.config
    "memorysetup-bucket-allocator-granularity=16"
    "memorysetup-bucket-allocator-bucket-count=8"
    "memorysetup-bucket-allocator-block-size=33554432"
    "memorysetup-bucket-allocator-block-count=8"
    "memorysetup-main-allocator-block-size=16777216"
    "memorysetup-thread-allocator-block-size=16777216"
    "memorysetup-gfx-main-allocator-block-size=16777216"
    "memorysetup-gfx-thread-allocator-block-size=16777216"
    "memorysetup-cache-allocator-block-size=4194304"
    "memorysetup-typetree-allocator-block-size=2097152"
    "memorysetup-profiler-bucket-allocator-granularity=16"
    "memorysetup-profiler-bucket-allocator-bucket-count=8"
    "memorysetup-profiler-bucket-allocator-block-size=33554432"
    "memorysetup-profiler-bucket-allocator-block-count=8"
    "memorysetup-profiler-allocator-block-size=16777216"
    "memorysetup-profiler-editor-allocator-block-size=1048576"
    "memorysetup-temp-allocator-size-main=16777216"
    "memorysetup-job-temp-allocator-block-size=2097152"
    "memorysetup-job-temp-allocator-block-size-background=1048576"
    "memorysetup-job-temp-allocator-reduction-small-platforms=262144"
    "memorysetup-temp-allocator-size-background-worker=32768"
    "memorysetup-temp-allocator-size-job-worker=262144"
    "memorysetup-temp-allocator-size-preload-manager=33554432"
    "memorysetup-temp-allocator-size-nav-mesh-worker=65536"
    "memorysetup-temp-allocator-size-audio-worker=65536"
    "memorysetup-temp-allocator-size-cloud-worker=32768"
    "memorysetup-temp-allocator-size-gi-baking-worker=262144"
    "memorysetup-temp-allocator-size-gfx=262144"
Player connection [20332] Host "[IP] 192.168.1.104 [Port] 0 [Flags] 2 [Guid] 1382683018 [EditorId] 1382683018 [Version] 1048832 [Id] WindowsEditor(7,MSI) [Debug] 1 [PackageName] WindowsEditor [ProjectName] Editor" joined multi-casting on [225.0.0.222:54997]...

Player connection [20332] Host "[IP] 192.168.1.104 [Port] 0 [Flags] 2 [Guid] 1382683018 [EditorId] 1382683018 [Version] 1048832 [Id] WindowsEditor(7,MSI) [Debug] 1 [PackageName] WindowsEditor [ProjectName] Editor" joined alternative multi-casting on [225.0.0.222:34997]...

Refreshing native plugins compatible for Editor in 109.79 ms, found 4 plugins.
Preloading 0 native plugins for Editor in 0.00 ms.
Initialize engine version: 2021.3.16f1 (4016570cf34f)
[Subsystems] Discovering subsystems at path D:/Uinty2019/2021.3.16f1/Editor/Data/Resources/UnitySubsystems
[Subsystems] Discovering subsystems at path C:/Users/Astbel/Desktop/Poke_unity/Pokemon/Assets
GfxDevice: creating device client; threaded=0; jobified=0
Direct3D:
    Version:  Direct3D 11.0 [level 11.1]
    Renderer: NVIDIA GeForce RTX 3060 Laptop GPU (ID=0x2520)
    Vendor:   NVIDIA
    VRAM:     6023 MB
    Driver:   30.0.14.9709
Initialize mono
Mono path[0] = 'D:/Uinty2019/2021.3.16f1/Editor/Data/Managed'
Mono path[1] = 'D:/Uinty2019/2021.3.16f1/Editor/Data/MonoBleedingEdge/lib/mono/unityjit-win32'
Mono config path = 'D:/Uinty2019/2021.3.16f1/Editor/Data/MonoBleedingEdge/etc'
Using monoOptions --debugger-agent=transport=dt_socket,embedding=1,server=y,suspend=n,address=127.0.0.1:56208
Begin MonoManager ReloadAssembly
Registering precompiled unity dll's ...
Register platform support module: D:/Uinty2019/2021.3.16f1/Editor/Data/PlaybackEngines/WindowsStandaloneSupport/UnityEditor.WindowsStandalone.Extensions.dll
Registered in 0.002239 seconds.
Native extension for WindowsStandalone target not found
Refreshing native plugins compatible for Editor in 103.57 ms, found 4 plugins.
Preloading 0 native plugins for Editor in 0.00 ms.
Mono: successfully reloaded assembly
- Completed reload, in  0.506 seconds
Domain Reload Profiling:
	ReloadAssembly (506ms)
		BeginReloadAssembly (53ms)
			ExecutionOrderSort (0ms)
			DisableScriptedObjects (0ms)
			BackupInstance (0ms)
			ReleaseScriptingObjects (0ms)
			CreateAndSetChildDomain (1ms)
		EndReloadAssembly (376ms)
			LoadAssemblies (52ms)
			RebuildTransferFunctionScriptingTraits (0ms)
			SetupTypeCache (80ms)
			ReleaseScriptCaches (0ms)
			RebuildScriptCaches (22ms)
			SetupLoadedEditorAssemblies (236ms)
				LogAssemblyErrors (0ms)
				InitializePlatformSupportModulesInManaged (5ms)
				SetLoadedEditorAssemblies (0ms)
				RefreshPlugins (104ms)
				BeforeProcessingInitializeOnLoad (1ms)
				ProcessInitializeOnLoadAttributes (92ms)
				ProcessInitializeOnLoadMethodAttributes (34ms)
				AfterProcessingInitializeOnLoad (0ms)
				EditorAssembliesLoaded (0ms)
			ExecutionOrderSort2 (0ms)
			AwakeInstancesAfterBackupRestoration (0ms)
Platform modules already initialized, skipping
Registering precompiled user dll's ...
Registered in 0.008651 seconds.
Begin MonoManager ReloadAssembly
Symbol file LoadedFromMemory doesn't match image C:\Users\Astbel\Desktop\Poke_unity\Pokemon\Library\PackageCache\com.unity.visualscripting@1.7.8\Editor\VisualScripting.Core\Dependencies\YamlDotNet\Unity.VisualScripting.YamlDotNet.dll
Symbol file LoadedFromMemory doesn't match image C:\Users\Astbel\Desktop\Poke_unity\Pokemon\Library\PackageCache\com.unity.visualscripting@1.7.8\Editor\VisualScripting.Core\Dependencies\DotNetZip\Unity.VisualScripting.IonicZip.dll
Native extension for WindowsStandalone target not found
Refreshing native plugins compatible for Editor in 104.13 ms, found 4 plugins.
Preloading 0 native plugins for Editor in 0.00 ms.
Mono: successfully reloaded assembly
- Completed reload, in  0.911 seconds
Domain Reload Profiling:
	ReloadAssembly (912ms)
		BeginReloadAssembly (81ms)
			ExecutionOrderSort (0ms)
			DisableScriptedObjects (4ms)
			BackupInstance (0ms)
			ReleaseScriptingObjects (0ms)
			CreateAndSetChildDomain (16ms)
		EndReloadAssembly (744ms)
			LoadAssemblies (68ms)
			RebuildTransferFunctionScriptingTraits (0ms)
			SetupTypeCache (185ms)
			ReleaseScriptCaches (1ms)
			RebuildScriptCaches (44ms)
			SetupLoadedEditorAssemblies (408ms)
				LogAssemblyErrors (0ms)
				InitializePlatformSupportModulesInManaged (3ms)
				SetLoadedEditorAssemblies (0ms)
				RefreshPlugins (104ms)
				BeforeProcessingInitializeOnLoad (77ms)
				ProcessInitializeOnLoadAttributes (188ms)
				ProcessInitializeOnLoadMethodAttributes (33ms)
				AfterProcessingInitializeOnLoad (2ms)
				EditorAssembliesLoaded (0ms)
			ExecutionOrderSort2 (0ms)
			AwakeInstancesAfterBackupRestoration (5ms)
Platform modules already initialized, skipping
========================================================================
Worker process is ready to serve import requests
Launched and connected shader compiler UnityShaderCompiler.exe after 0.03 seconds
Refreshing native plugins compatible for Editor in 1.12 ms, found 4 plugins.
Preloading 0 native plugins for Editor in 0.00 ms.
Unloading 4081 Unused Serialized files (Serialized files now loaded: 0)
Unloading 46 unused Assets / (229.6 KB). Loaded Objects now: 4535.
Memory consumption went from 161.0 MB to 160.7 MB.
Total: 3.073500 ms (FindLiveObjects: 0.350200 ms CreateObjectMapping: 0.110400 ms MarkObjects: 2.472100 ms  DeleteObjects: 0.139100 ms)

AssetImportParameters requested are different than current active one (requested -> active):
  custom:video-decoder-ogg-theora: a1e56fd34408186e4bbccfd4996cb3dc -> 
  custom:container-muxer-webm: aa71ff27fc2769a1b78a27578f13a17b -> 
  custom:container-demuxer-webm: 4f35f7cbe854078d1ac9338744f61a02 -> 
  custom:video-encoder-webm-vp8: eb34c28f22e8b96e1ab97ce403110664 -> 
  custom:audio-encoder-webm-vorbis: bf7c407c2cedff20999df2af8eb42d56 -> 
  custom:framework-win-MediaFoundation: 216162199b28c13a410421893ffa2e32 -> 
  custom:container-demuxer-ogg: 62fdf1f143b41e24485cea50d1cbac27 -> 
  custom:video-decoder-webm-vp8: 9c59270c3fd7afecdb556c50c9e8de78 -> 
  custom:audio-decoder-ogg-vorbis: bf7c407c2cedff20999df2af8eb42d56 -> 
========================================================================
Received Import Request.
  Time since last request: 14918.408929 seconds.
  path: Assets/Sprite/Trianers/gen4
  artifactKey: Guid(99f9ec39cf331744f9d71eddd75c708a) Importer(815301076,1909f56bfc062723c751e8b465ee728b)
Start importing Assets/Sprite/Trianers/gen4 using Guid(99f9ec39cf331744f9d71eddd75c708a) Importer(815301076,1909f56bfc062723c751e8b465ee728b)  -> (artifact id: '49168edd0b79eb7ca1ce1adff898a9ef') in 0.007437 seconds 
========================================================================
Received Import Request.
  Time since last request: 0.524577 seconds.
  path: Assets/Sprite/Trianers/gen4/hgss
  artifactKey: Guid(0033437642763a04ba3a1a235f12e302) Importer(815301076,1909f56bfc062723c751e8b465ee728b)
Start importing Assets/Sprite/Trianers/gen4/hgss using Guid(0033437642763a04ba3a1a235f12e302) Importer(815301076,1909f56bfc062723c751e8b465ee728b)  -> (artifact id: '95f5b26fe2273edeb38b70cfe73ae2fe') in 0.001893 seconds 
========================================================================
Received Import Request.
  Time since last request: 1.105020 seconds.
  path: Assets/Sprite/Trianers/gen4/platinum
  artifactKey: Guid(06148494ead502c429fa4ad56021cf0d) Importer(815301076,1909f56bfc062723c751e8b465ee728b)
Start importing Assets/Sprite/Trianers/gen4/platinum using Guid(06148494ead502c429fa4ad56021cf0d) Importer(815301076,1909f56bfc062723c751e8b465ee728b)  -> (artifact id: '461b550e1848313d9ad51aa61fa57e98') in 0.002151 seconds 
========================================================================
Received Import Request.
  Time since last request: 0.156262 seconds.
  path: Assets/Sprite/Trianers/gen4/platinum/aaron1.png
  artifactKey: Guid(a16d7047e552cc64d9f17e13e7a1ea60) Importer(815301076,1909f56bfc062723c751e8b465ee728b)
Start importing Assets/Sprite/Trianers/gen4/platinum/aaron1.png using Guid(a16d7047e552cc64d9f17e13e7a1ea60) Importer(815301076,1909f56bfc062723c751e8b465ee728b)  -> (artifact id: '6e942d2d9749781b8df0db8035369f0a') in 0.092873 seconds 
========================================================================
Received Import Request.
  Time since last request: 0.000025 seconds.
  path: Assets/Sprite/Trianers/gen4/platinum/cynthia3.png
  artifactKey: Guid(cf6d8158cdf4ccf428bfad45992616dc) Importer(815301076,1909f56bfc062723c751e8b465ee728b)
Start importing Assets/Sprite/Trianers/gen4/platinum/cynthia3.png using Guid(cf6d8158cdf4ccf428bfad45992616dc) Importer(815301076,1909f56bfc062723c751e8b465ee728b)  -> (artifact id: '91c8617542ab7e4a63e31f32868fee88') in 0.008588 seconds 
========================================================================
Received Import Request.
  Time since last request: 0.000035 seconds.
  path: Assets/Sprite/Trianers/gen4/platinum/cyrus3.png
  artifactKey: Guid(0c6e595894761374888ce8e0d0c10a45) Importer(815301076,1909f56bfc062723c751e8b465ee728b)
Start importing Assets/Sprite/Trianers/gen4/platinum/cyrus3.png using Guid(0c6e595894761374888ce8e0d0c10a45) Importer(815301076,1909f56bfc062723c751e8b465ee728b)  -> (artifact id: '062542c36dee25811d51cba7df775451') in 0.008726 seconds 
========================================================================
Received Import Request.
  Time since last request: 0.000021 seconds.
  path: Assets/Sprite/Trianers/gen4/platinum/flint1.png
  artifactKey: Guid(1da2b7924b0a2cd48abd71ef40974e8f) Importer(815301076,1909f56bfc062723c751e8b465ee728b)
Start importing Assets/Sprite/Trianers/gen4/platinum/flint1.png using Guid(1da2b7924b0a2cd48abd71ef40974e8f) Importer(815301076,1909f56bfc062723c751e8b465ee728b)  -> (artifact id: 'abb8bd8b65eee5e2f1666b615dcd2623') in 0.010030 seconds 
========================================================================
Received Import Request.
  Time since last request: 0.000018 seconds.
  path: Assets/Sprite/Trianers/gen4/platinum/cynthia1.png
  artifactKey: Guid(1b5432a6e33350447b1b8dc6131b2aa1) Importer(815301076,1909f56bfc062723c751e8b465ee728b)
Start importing Assets/Sprite/Trianers/gen4/platinum/cynthia1.png using Guid(1b5432a6e33350447b1b8dc6131b2aa1) Importer(815301076,1909f56bfc062723c751e8b465ee728b)  -> (artifact id: '6220c6e99a16483e73e68dbb2fdeb51c') in 0.008398 seconds 
========================================================================
Received Import Request.
  Time since last request: 0.000019 seconds.
  path: Assets/Sprite/Trianers/gen4/platinum/candice3.png
  artifactKey: Guid(394da2ed0ff9cc64bbb2e37554e2f764) Importer(815301076,1909f56bfc062723c751e8b465ee728b)
Start importing Assets/Sprite/Trianers/gen4/platinum/candice3.png using Guid(394da2ed0ff9cc64bbb2e37554e2f764) Importer(815301076,1909f56bfc062723c751e8b465ee728b)  -> (artifact id: '786aa3e74a94bfda8f9c73ed2d0f207f') in 0.009613 seconds 
========================================================================
Received Import Request.
  Time since last request: 0.000019 seconds.
  path: Assets/Sprite/Trianers/gen4/platinum/darachcaitlin5.png
  artifactKey: Guid(2b64825f3fb80774489240f16c51ad3f) Importer(815301076,1909f56bfc062723c751e8b465ee728b)
Start importing Assets/Sprite/Trianers/gen4/platinum/darachcaitlin5.png using Guid(2b64825f3fb80774489240f16c51ad3f) Importer(815301076,1909f56bfc062723c751e8b465ee728b)  -> (artifact id: 'b764e682aa9027c044fd454cc5759ca0') in 0.008460 seconds 
========================================================================
Received Import Request.
  Time since last request: 0.000054 seconds.
  path: Assets/Sprite/Trianers/gen4/platinum/gardenia1.png
  artifactKey: Guid(e4a7dc2b1c67ad54eb8d1175ee1ad4a1) Importer(815301076,1909f56bfc062723c751e8b465ee728b)
Start importing Assets/Sprite/Trianers/gen4/platinum/gardenia1.png using Guid(e4a7dc2b1c67ad54eb8d1175ee1ad4a1) Importer(815301076,1909f56bfc062723c751e8b465ee728b)  -> (artifact id: '78ec9698bac6345ac267e757481a9b2f') in 0.008413 seconds 
========================================================================
Received Import Request.
  Time since last request: 0.000018 seconds.
  path: Assets/Sprite/Trianers/gen4/platinum/argenta2.png
  artifactKey: Guid(5e2a5ff9093d10049a7f7c4e704d62f8) Importer(815301076,1909f56bfc062723c751e8b465ee728b)
Start importing Assets/Sprite/Trianers/gen4/platinum/argenta2.png using Guid(5e2a5ff9093d10049a7f7c4e704d62f8) Importer(815301076,1909f56bfc062723c751e8b465ee728b)  -> (artifact id: 'a1c999cc5089dd54610a992b7e1e0a76') in 0.009261 seconds 
========================================================================
Received Import Request.
  Time since last request: 0.000020 seconds.
  path: Assets/Sprite/Trianers/gen4/platinum/buck3.png
  artifactKey: Guid(03e4f21a847e0664188f58b57e061f39) Importer(815301076,1909f56bfc062723c751e8b465ee728b)
Start importing Assets/Sprite/Trianers/gen4/platinum/buck3.png using Guid(03e4f21a847e0664188f58b57e061f39) Importer(815301076,1909f56bfc062723c751e8b465ee728b)  -> (artifact id: '41455a0433915fcc43a0048307493969') in 0.009331 seconds 
========================================================================
Received Import Request.
  Time since last request: 0.000021 seconds.
  path: Assets/Sprite/Trianers/gen4/platinum/byron1.png
  artifactKey: Guid(062b6266df9706541878f6bae0d3b514) Importer(815301076,1909f56bfc062723c751e8b465ee728b)
Start importing Assets/Sprite/Trianers/gen4/platinum/byron1.png using Guid(062b6266df9706541878f6bae0d3b514) Importer(815301076,1909f56bfc062723c751e8b465ee728b)  -> (artifact id: '56f0bb157a8c1e16f779bb9e685f3080') in 0.009149 seconds 
========================================================================
Received Import Request.
  Time since last request: 0.000026 seconds.
  path: Assets/Sprite/Trianers/gen4/platinum/darachcaitlin2.png
  artifactKey: Guid(a7b3d17973b76ad4ca0aaab7c72eab2c) Importer(815301076,1909f56bfc062723c751e8b465ee728b)
Start importing Assets/Sprite/Trianers/gen4/platinum/darachcaitlin2.png using Guid(a7b3d17973b76ad4ca0aaab7c72eab2c) Importer(815301076,1909f56bfc062723c751e8b465ee728b)  -> (artifact id: '704918155935d97cb11845d4be3db4c8') in 0.007716 seconds 
========================================================================
Received Import Request.
  Time since last request: 1.435407 seconds.
  path: Assets/Sprite/Trianers/gen4/hgss/acetrainerf.png
  artifactKey: Guid(ec1c5e294721e14458051afe570ce8a4) Importer(815301076,1909f56bfc062723c751e8b465ee728b)
Start importing Assets/Sprite/Trianers/gen4/hgss/acetrainerf.png using Guid(ec1c5e294721e14458051afe570ce8a4) Importer(815301076,1909f56bfc062723c751e8b465ee728b)  -> (artifact id: '7ee703ef411448302fbf3c5236e43880') in 0.009630 seconds 
========================================================================
Received Import Request.
  Time since last request: 0.000015 seconds.
  path: Assets/Sprite/Trianers/gen4/hgss/blaine1.png
  artifactKey: Guid(d31459f2a34355e4880801375a69baf7) Importer(815301076,1909f56bfc062723c751e8b465ee728b)
Start importing Assets/Sprite/Trianers/gen4/hgss/blaine1.png using Guid(d31459f2a34355e4880801375a69baf7) Importer(815301076,1909f56bfc062723c751e8b465ee728b)  -> (artifact id: '99f12c6fc99bcce1b4741a3a67fccbd0') in 0.008706 seconds 
========================================================================
Received Import Request.
  Time since last request: 0.000018 seconds.
  path: Assets/Sprite/Trianers/gen4/hgss/blackbelt.png
  artifactKey: Guid(7288fffbbcc71694aba5a4410ffb1f8c) Importer(815301076,1909f56bfc062723c751e8b465ee728b)
Start importing Assets/Sprite/Trianers/gen4/hgss/blackbelt.png using Guid(7288fffbbcc71694aba5a4410ffb1f8c) Importer(815301076,1909f56bfc062723c751e8b465ee728b)  -> (artifact id: '031e7d09f5253b448fa90d80330f993c') in 0.007886 seconds 
========================================================================
Received Import Request.
  Time since last request: 0.000018 seconds.
  path: Assets/Sprite/Trianers/gen4/hgss/bruno1.png
  artifactKey: Guid(2e576240b074de14b93f7af81bf06835) Importer(815301076,1909f56bfc062723c751e8b465ee728b)
Start importing Assets/Sprite/Trianers/gen4/hgss/bruno1.png using Guid(2e576240b074de14b93f7af81bf06835) Importer(815301076,1909f56bfc062723c751e8b465ee728b)  -> (artifact id: '01f2d85d307265864d033b37c52d01f6') in 0.008104 seconds 
========================================================================
Received Import Request.
  Time since last request: 0.000021 seconds.
  path: Assets/Sprite/Trianers/gen4/hgss/bruno3.png
  artifactKey: Guid(2fd12bdec0c03a643892a08418f9ff9e) Importer(815301076,1909f56bfc062723c751e8b465ee728b)
Start importing Assets/Sprite/Trianers/gen4/hgss/bruno3.png using Guid(2fd12bdec0c03a643892a08418f9ff9e) Importer(815301076,1909f56bfc062723c751e8b465ee728b)  -> (artifact id: '28087e441f742b69c8536ded54ff228e') in 0.010033 seconds 
========================================================================
Received Import Request.
  Time since last request: 0.000034 seconds.
  path: Assets/Sprite/Trianers/gen4/hgss/erika3.png
  artifactKey: Guid(834f85bc473a5f14fa30aa23dc53b110) Importer(815301076,1909f56bfc062723c751e8b465ee728b)
Start importing Assets/Sprite/Trianers/gen4/hgss/erika3.png using Guid(834f85bc473a5f14fa30aa23dc53b110) Importer(815301076,1909f56bfc062723c751e8b465ee728b)  -> (artifact id: 'ad326bec3efb1d31adf7e0854009767f') in 0.007954 seconds 
========================================================================
Received Import Request.
  Time since last request: 0.000021 seconds.
  path: Assets/Sprite/Trianers/gen4/hgss/ash1.png
  artifactKey: Guid(270dccac960096342bb614f9c6480007) Importer(815301076,1909f56bfc062723c751e8b465ee728b)
Start importing Assets/Sprite/Trianers/gen4/hgss/ash1.png using Guid(270dccac960096342bb614f9c6480007) Importer(815301076,1909f56bfc062723c751e8b465ee728b)  -> (artifact id: '04803034f9bb127a12a567d93194bdb5') in 0.009960 seconds 
========================================================================
Received Import Request.
  Time since last request: 0.000020 seconds.
  path: Assets/Sprite/Trianers/gen4/hgss/birdkeeper.png
  artifactKey: Guid(71a657ae0145c1741a5c0af34da1458b) Importer(815301076,1909f56bfc062723c751e8b465ee728b)
Start importing Assets/Sprite/Trianers/gen4/hgss/birdkeeper.png using Guid(71a657ae0145c1741a5c0af34da1458b) Importer(815301076,1909f56bfc062723c751e8b465ee728b)  -> (artifact id: 'b4f0c93a252715311d95c19d06eb1fcc') in 0.017408 seconds 
========================================================================
Received Import Request.
  Time since last request: 0.000016 seconds.
  path: Assets/Sprite/Trianers/gen4/hgss/brock2.png
  artifactKey: Guid(c182665d242f0a24990ac855c728f167) Importer(815301076,1909f56bfc062723c751e8b465ee728b)
Start importing Assets/Sprite/Trianers/gen4/hgss/brock2.png using Guid(c182665d242f0a24990ac855c728f167) Importer(815301076,1909f56bfc062723c751e8b465ee728b)  -> (artifact id: 'e89dd42859b4988c758a10f0d2334213') in 0.008169 seconds 
========================================================================
Received Import Request.
  Time since last request: 0.000018 seconds.
  path: Assets/Sprite/Trianers/gen4/hgss/chuck3.png
  artifactKey: Guid(0c900983c0b7756459a48b9ac0ad1d58) Importer(815301076,1909f56bfc062723c751e8b465ee728b)
Start importing Assets/Sprite/Trianers/gen4/hgss/chuck3.png using Guid(0c900983c0b7756459a48b9ac0ad1d58) Importer(815301076,1909f56bfc062723c751e8b465ee728b)  -> (artifact id: 'da77525db88e59ac26061f34f3d3e097') in 0.010288 seconds 
========================================================================
Received Import Request.
  Time since last request: 0.000020 seconds.
  path: Assets/Sprite/Trianers/gen4/hgss/biker.png
  artifactKey: Guid(1ac98dcfdf82d8347bd5d6354328b311) Importer(815301076,1909f56bfc062723c751e8b465ee728b)
Start importing Assets/Sprite/Trianers/gen4/hgss/biker.png using Guid(1ac98dcfdf82d8347bd5d6354328b311) Importer(815301076,1909f56bfc062723c751e8b465ee728b)  -> (artifact id: '1ed931a386051733145e442a87da3c4b') in 0.010356 seconds 
========================================================================
Received Import Request.
  Time since last request: 0.000020 seconds.
  path: Assets/Sprite/Trianers/gen4/hgss/doubleteam.png
  artifactKey: Guid(2491f593246a1b24aaea3d9bd2c8b9bb) Importer(815301076,1909f56bfc062723c751e8b465ee728b)
Start importing Assets/Sprite/Trianers/gen4/hgss/doubleteam.png using Guid(2491f593246a1b24aaea3d9bd2c8b9bb) Importer(815301076,1909f56bfc062723c751e8b465ee728b)  -> (artifact id: '17a217786c5254a5ebe5dd04b750cfeb') in 0.010035 seconds 
========================================================================
Received Import Request.
  Time since last request: 0.000018 seconds.
  path: Assets/Sprite/Trianers/gen4/hgss/elder.png
  artifactKey: Guid(e4728490539818c42a2101b1270b0cd3) Importer(815301076,1909f56bfc062723c751e8b465ee728b)
Start importing Assets/Sprite/Trianers/gen4/hgss/elder.png using Guid(e4728490539818c42a2101b1270b0cd3) Importer(815301076,1909f56bfc062723c751e8b465ee728b)  -> (artifact id: '71e85e6161561d315ccb4f2c40334ce5') in 0.008698 seconds 
========================================================================
Received Import Request.
  Time since last request: 0.000021 seconds.
  path: Assets/Sprite/Trianers/gen4/hgss/blaine2.png
  artifactKey: Guid(c330b3f7024a82447adea62d789a7255) Importer(815301076,1909f56bfc062723c751e8b465ee728b)
Start importing Assets/Sprite/Trianers/gen4/hgss/blaine2.png using Guid(c330b3f7024a82447adea62d789a7255) Importer(815301076,1909f56bfc062723c751e8b465ee728b)  -> (artifact id: '82c7414a44b602b0afa3326d9062096c') in 0.008733 seconds 
========================================================================
Received Import Request.
  Time since last request: 0.000018 seconds.
  path: Assets/Sprite/Trianers/gen4/hgss/clair1.png
  artifactKey: Guid(7aabe4847b6d7384ea6ffcc08017d778) Importer(815301076,1909f56bfc062723c751e8b465ee728b)
Start importing Assets/Sprite/Trianers/gen4/hgss/clair1.png using Guid(7aabe4847b6d7384ea6ffcc08017d778) Importer(815301076,1909f56bfc062723c751e8b465ee728b)  -> (artifact id: 'b1b19cbef8bde0673c775ab1486b8e47') in 0.011292 seconds 
========================================================================
Received Import Request.
  Time since last request: 8.398540 seconds.
  path: Assets/Sprite/Trianers/gen4/hgss/gary2.png
  artifactKey: Guid(a497ad28924edba4ca16d48ffe640fb9) Importer(815301076,1909f56bfc062723c751e8b465ee728b)
Start importing Assets/Sprite/Trianers/gen4/hgss/gary2.png using Guid(a497ad28924edba4ca16d48ffe640fb9) Importer(815301076,1909f56bfc062723c751e8b465ee728b)  -> (artifact id: '5b56bb847386b7f94e1a2a7d58835c8e') in 0.014173 seconds 
========================================================================
Received Import Request.
  Time since last request: 0.000019 seconds.
  path: Assets/Sprite/Trianers/gen4/hgss/jasmine1.png
  artifactKey: Guid(84e56d494501ab846ae48151d3db4449) Importer(815301076,1909f56bfc062723c751e8b465ee728b)
Start importing Assets/Sprite/Trianers/gen4/hgss/jasmine1.png using Guid(84e56d494501ab846ae48151d3db4449) Importer(815301076,1909f56bfc062723c751e8b465ee728b)  -> (artifact id: '55da073ec8762ef69d5e487c43e14785') in 0.018392 seconds 
========================================================================
Received Import Request.
  Time since last request: 0.000021 seconds.
  path: Assets/Sprite/Trianers/gen4/hgss/giovanni3.png
  artifactKey: Guid(3fcf08f524845ba4da3e032479ca0705) Importer(815301076,1909f56bfc062723c751e8b465ee728b)
Start importing Assets/Sprite/Trianers/gen4/hgss/giovanni3.png using Guid(3fcf08f524845ba4da3e032479ca0705) Importer(815301076,1909f56bfc062723c751e8b465ee728b)  -> (artifact id: '32a854ca898bbcce11998ed4b70adb33') in 0.115311 seconds 
========================================================================
Received Import Request.
  Time since last request: 0.000020 seconds.
  path: Assets/Sprite/Trianers/gen4/hgss/karen2.png
  artifactKey: Guid(e8009a0b927d8944d839b1ca678b48b7) Importer(815301076,1909f56bfc062723c751e8b465ee728b)
Start importing Assets/Sprite/Trianers/gen4/hgss/karen2.png using Guid(e8009a0b927d8944d839b1ca678b48b7) Importer(815301076,1909f56bfc062723c751e8b465ee728b)  -> (artifact id: '53cbadf62f4f0aab30e180010536a5ea') in 0.049737 seconds 
========================================================================
Received Import Request.
  Time since last request: 0.000017 seconds.
  path: Assets/Sprite/Trianers/gen4/hgss/giovanni2.png
  artifactKey: Guid(aacdce0b980268e44ad6ce8ae72e7d36) Importer(815301076,1909f56bfc062723c751e8b465ee728b)
Start importing Assets/Sprite/Trianers/gen4/hgss/giovanni2.png using Guid(aacdce0b980268e44ad6ce8ae72e7d36) Importer(815301076,1909f56bfc062723c751e8b465ee728b)  -> (artifact id: 'ac157644729ef52be6aad263e3a6cfd7') in 0.040439 seconds 
========================================================================
Received Import Request.
  Time since last request: 0.000017 seconds.
  path: Assets/Sprite/Trianers/gen4/hgss/koga1.png
  artifactKey: Guid(01b6f88065cff2040bacec1ccf2906d4) Importer(815301076,1909f56bfc062723c751e8b465ee728b)
Start importing Assets/Sprite/Trianers/gen4/hgss/koga1.png using Guid(01b6f88065cff2040bacec1ccf2906d4) Importer(815301076,1909f56bfc062723c751e8b465ee728b)  -> (artifact id: '7846e5e9ad5356774e4dafbe69b4ba01') in 0.008187 seconds 
========================================================================
Received Import Request.
  Time since last request: 0.227119 seconds.
  path: Assets/Sprite/Trianers/gen4/hgss/lance2.png
  artifactKey: Guid(494e9a095225e0040bbae109bb711f6d) Importer(815301076,1909f56bfc062723c751e8b465ee728b)
Start importing Assets/Sprite/Trianers/gen4/hgss/lance2.png using Guid(494e9a095225e0040bbae109bb711f6d) Importer(815301076,1909f56bfc062723c751e8b465ee728b)  -> (artifact id: '9b2f793ff369209af2922ffede33bc97') in 0.008366 seconds 
========================================================================
Received Import Request.
  Time since last request: 0.000018 seconds.
  path: Assets/Sprite/Trianers/gen4/hgss/ltsurge3.png
  artifactKey: Guid(4dc11cfb5bbe64f4799f64d5b10b4c45) Importer(815301076,1909f56bfc062723c751e8b465ee728b)
Start importing Assets/Sprite/Trianers/gen4/hgss/ltsurge3.png using Guid(4dc11cfb5bbe64f4799f64d5b10b4c45) Importer(815301076,1909f56bfc062723c751e8b465ee728b)  -> (artifact id: '65a32ed15babc5748abc61e888594ac6') in 0.008332 seconds 
========================================================================
Received Import Request.
  Time since last request: 0.000020 seconds.
  path: Assets/Sprite/Trianers/gen4/hgss/ltsurge1.png
  artifactKey: Guid(76cf8857a0996784d825a2ebd745fa99) Importer(815301076,1909f56bfc062723c751e8b465ee728b)
Start importing Assets/Sprite/Trianers/gen4/hgss/ltsurge1.png using Guid(76cf8857a0996784d825a2ebd745fa99) Importer(815301076,1909f56bfc062723c751e8b465ee728b)  -> (artifact id: '50f54159ffdbaf9c47004f5af15e7bd5') in 0.008764 seconds 
========================================================================
Received Import Request.
  Time since last request: 0.148371 seconds.
  path: Assets/Sprite/Trianers/gen4/hgss/misty3.png
  artifactKey: Guid(b1ef3e9b8264b9346a39ecde926aa61e) Importer(815301076,1909f56bfc062723c751e8b465ee728b)
Start importing Assets/Sprite/Trianers/gen4/hgss/misty3.png using Guid(b1ef3e9b8264b9346a39ecde926aa61e) Importer(815301076,1909f56bfc062723c751e8b465ee728b)  -> (artifact id: 'a821c7ec3cd6a4fac04937bd2c2f5300') in 0.010895 seconds 
========================================================================
Received Import Request.
  Time since last request: 0.000017 seconds.
  path: Assets/Sprite/Trianers/gen4/hgss/petrel.png
  artifactKey: Guid(709f4b65f159c814784f230be4f1eb7f) Importer(815301076,1909f56bfc062723c751e8b465ee728b)
Start importing Assets/Sprite/Trianers/gen4/hgss/petrel.png using Guid(709f4b65f159c814784f230be4f1eb7f) Importer(815301076,1909f56bfc062723c751e8b465ee728b)  -> (artifact id: '00aced0f5aeeb02d294b951b61663106') in 0.007572 seconds 
========================================================================
Received Import Request.
  Time since last request: 0.000016 seconds.
  path: Assets/Sprite/Trianers/gen4/hgss/pryce1.png
  artifactKey: Guid(141f8b6cb3f2cee4094570c5e2cb14c1) Importer(815301076,1909f56bfc062723c751e8b465ee728b)
Start importing Assets/Sprite/Trianers/gen4/hgss/pryce1.png using Guid(141f8b6cb3f2cee4094570c5e2cb14c1) Importer(815301076,1909f56bfc062723c751e8b465ee728b)  -> (artifact id: '88a5f424aa63d61a61a1f11d06ae8070') in 0.007639 seconds 
========================================================================
Received Import Request.
  Time since last request: 0.376665 seconds.
  path: Assets/Sprite/Trianers/gen4/hgss/rival2.png
  artifactKey: Guid(dbacec48eefe12a408fa0865931449cb) Importer(815301076,1909f56bfc062723c751e8b465ee728b)
Start importing Assets/Sprite/Trianers/gen4/hgss/rival2.png using Guid(dbacec48eefe12a408fa0865931449cb) Importer(815301076,1909f56bfc062723c751e8b465ee728b)  -> (artifact id: '01f6ae154f76de569abffbce9ce9c13c') in 0.010484 seconds 
========================================================================
Received Import Request.
  Time since last request: 0.000021 seconds.
  path: Assets/Sprite/Trianers/gen4/hgss/sage.png
  artifactKey: Guid(a1d8aabf722309b44a8fd6cad5e5d2e9) Importer(815301076,1909f56bfc062723c751e8b465ee728b)
Start importing Assets/Sprite/Trianers/gen4/hgss/sage.png using Guid(a1d8aabf722309b44a8fd6cad5e5d2e9) Importer(815301076,1909f56bfc062723c751e8b465ee728b)  -> (artifact id: '101881dcd0c986ddc59c6b46102bfdc6') in 0.010996 seconds 
========================================================================
Received Import Request.
  Time since last request: 0.000025 seconds.
  path: Assets/Sprite/Trianers/gen4/hgss/sabrina1.png
  artifactKey: Guid(53686fd57b1303c4fab31168f80845ee) Importer(815301076,1909f56bfc062723c751e8b465ee728b)
Start importing Assets/Sprite/Trianers/gen4/hgss/sabrina1.png using Guid(53686fd57b1303c4fab31168f80845ee) Importer(815301076,1909f56bfc062723c751e8b465ee728b)  -> (artifact id: '3b36d2f77b11c7c096a63170b9904ba6') in 0.011127 seconds 
========================================================================
Received Import Request.
  Time since last request: 0.006046 seconds.
  path: Assets/Sprite/Trianers/gen4/hgss/supernerd.png
  artifactKey: Guid(6e8fe2c90a7394a439cc7a13c1afe040) Importer(815301076,1909f56bfc062723c751e8b465ee728b)
Start importing Assets/Sprite/Trianers/gen4/hgss/supernerd.png using Guid(6e8fe2c90a7394a439cc7a13c1afe040) Importer(815301076,1909f56bfc062723c751e8b465ee728b)  -> (artifact id: 'e0ba4ea6818bd5031a33c2e2762e136b') in 0.010505 seconds 
========================================================================
Received Import Request.
  Time since last request: 0.000024 seconds.
  path: Assets/Sprite/Trianers/gen4/hgss/will1.png
  artifactKey: Guid(1a9ae86b1f955484fa1018035e1e8157) Importer(815301076,1909f56bfc062723c751e8b465ee728b)
Start importing Assets/Sprite/Trianers/gen4/hgss/will1.png using Guid(1a9ae86b1f955484fa1018035e1e8157) Importer(815301076,1909f56bfc062723c751e8b465ee728b)  -> (artifact id: '5f6989503f1a40c29fc695f000c6a83f') in 0.012889 seconds 
========================================================================
Received Import Request.
  Time since last request: 0.000039 seconds.
  path: Assets/Sprite/Trianers/gen4/hgss/whitney1.png
  artifactKey: Guid(caae882f598897343a728a7738ba2f47) Importer(815301076,1909f56bfc062723c751e8b465ee728b)
Start importing Assets/Sprite/Trianers/gen4/hgss/whitney1.png using Guid(caae882f598897343a728a7738ba2f47) Importer(815301076,1909f56bfc062723c751e8b465ee728b)  -> (artifact id: '940b5442b56d79ce562feda75e5ea8c1') in 0.010026 seconds 
========================================================================
Received Prepare
Registering precompiled user dll's ...
Registered in 0.008087 seconds.
Begin MonoManager ReloadAssembly
Symbol file LoadedFromMemory doesn't match image C:\Users\Astbel\Desktop\Poke_unity\Pokemon\Library\PackageCache\com.unity.visualscripting@1.7.8\Editor\VisualScripting.Core\Dependencies\YamlDotNet\Unity.VisualScripting.YamlDotNet.dll
Symbol file LoadedFromMemory doesn't match image C:\Users\Astbel\Desktop\Poke_unity\Pokemon\Library\PackageCache\com.unity.visualscripting@1.7.8\Editor\VisualScripting.Core\Dependencies\DotNetZip\Unity.VisualScripting.IonicZip.dll
Native extension for WindowsStandalone target not found
Refreshing native plugins compatible for Editor in 1.69 ms, found 4 plugins.
Preloading 0 native plugins for Editor in 0.00 ms.
Mono: successfully reloaded assembly
- Completed reload, in  0.870 seconds
Domain Reload Profiling:
	ReloadAssembly (871ms)
		BeginReloadAssembly (110ms)
			ExecutionOrderSort (0ms)
			DisableScriptedObjects (6ms)
			BackupInstance (0ms)
			ReleaseScriptingObjects (0ms)
			CreateAndSetChildDomain (35ms)
		EndReloadAssembly (679ms)
			LoadAssemblies (68ms)
			RebuildTransferFunctionScriptingTraits (0ms)
			SetupTypeCache (207ms)
			ReleaseScriptCaches (2ms)
			RebuildScriptCaches (44ms)
			SetupLoadedEditorAssemblies (313ms)
				LogAssemblyErrors (0ms)
				InitializePlatformSupportModulesInManaged (9ms)
				SetLoadedEditorAssemblies (0ms)
				RefreshPlugins (2ms)
				BeforeProcessingInitializeOnLoad (61ms)
				ProcessInitializeOnLoadAttributes (199ms)
				ProcessInitializeOnLoadMethodAttributes (39ms)
				AfterProcessingInitializeOnLoad (2ms)
				EditorAssembliesLoaded (0ms)
			ExecutionOrderSort2 (0ms)
			AwakeInstancesAfterBackupRestoration (8ms)
Platform modules already initialized, skipping
Refreshing native plugins compatible for Editor in 2.89 ms, found 4 plugins.
Preloading 0 native plugins for Editor in 0.00 ms.
Unloading 4076 Unused Serialized files (Serialized files now loaded: 0)
Unloading 33 unused Assets / (196.2 KB). Loaded Objects now: 4546.
Memory consumption went from 165.3 MB to 165.1 MB.
Total: 2.801700 ms (FindLiveObjects: 0.296400 ms CreateObjectMapping: 0.117400 ms MarkObjects: 2.217400 ms  DeleteObjects: 0.169800 ms)

AssetImportParameters requested are different than current active one (requested -> active):
  custom:video-decoder-ogg-theora: a1e56fd34408186e4bbccfd4996cb3dc -> 
  custom:container-muxer-webm: aa71ff27fc2769a1b78a27578f13a17b -> 
  custom:container-demuxer-webm: 4f35f7cbe854078d1ac9338744f61a02 -> 
  custom:video-encoder-webm-vp8: eb34c28f22e8b96e1ab97ce403110664 -> 
  custom:audio-encoder-webm-vorbis: bf7c407c2cedff20999df2af8eb42d56 -> 
  custom:framework-win-MediaFoundation: 216162199b28c13a410421893ffa2e32 -> 
  custom:container-demuxer-ogg: 62fdf1f143b41e24485cea50d1cbac27 -> 
  custom:video-decoder-webm-vp8: 9c59270c3fd7afecdb556c50c9e8de78 -> 
  custom:audio-decoder-ogg-vorbis: bf7c407c2cedff20999df2af8eb42d56 -> 
========================================================================
Received Prepare
Registering precompiled user dll's ...
Registered in 0.006942 seconds.
Begin MonoManager ReloadAssembly
Symbol file LoadedFromMemory doesn't match image C:\Users\Astbel\Desktop\Poke_unity\Pokemon\Library\PackageCache\com.unity.visualscripting@1.7.8\Editor\VisualScripting.Core\Dependencies\YamlDotNet\Unity.VisualScripting.YamlDotNet.dll
Symbol file LoadedFromMemory doesn't match image C:\Users\Astbel\Desktop\Poke_unity\Pokemon\Library\PackageCache\com.unity.visualscripting@1.7.8\Editor\VisualScripting.Core\Dependencies\DotNetZip\Unity.VisualScripting.IonicZip.dll
Native extension for WindowsStandalone target not found
Refreshing native plugins compatible for Editor in 1.22 ms, found 4 plugins.
Preloading 0 native plugins for Editor in 0.00 ms.
Mono: successfully reloaded assembly
- Completed reload, in  0.824 seconds
Domain Reload Profiling:
	ReloadAssembly (825ms)
		BeginReloadAssembly (105ms)
			ExecutionOrderSort (0ms)
			DisableScriptedObjects (7ms)
			BackupInstance (0ms)
			ReleaseScriptingObjects (0ms)
			CreateAndSetChildDomain (33ms)
		EndReloadAssembly (647ms)
			LoadAssemblies (68ms)
			RebuildTransferFunctionScriptingTraits (0ms)
			SetupTypeCache (200ms)
			ReleaseScriptCaches (2ms)
			RebuildScriptCaches (38ms)
			SetupLoadedEditorAssemblies (285ms)
				LogAssemblyErrors (0ms)
				InitializePlatformSupportModulesInManaged (10ms)
				SetLoadedEditorAssemblies (0ms)
				RefreshPlugins (1ms)
				BeforeProcessingInitializeOnLoad (67ms)
				ProcessInitializeOnLoadAttributes (172ms)
				ProcessInitializeOnLoadMethodAttributes (32ms)
				AfterProcessingInitializeOnLoad (2ms)
				EditorAssembliesLoaded (0ms)
			ExecutionOrderSort2 (0ms)
			AwakeInstancesAfterBackupRestoration (8ms)
Platform modules already initialized, skipping
Refreshing native plugins compatible for Editor in 3.13 ms, found 4 plugins.
Preloading 0 native plugins for Editor in 0.00 ms.
Unloading 4076 Unused Serialized files (Serialized files now loaded: 0)
Unloading 33 unused Assets / (196.1 KB). Loaded Objects now: 4549.
Memory consumption went from 165.3 MB to 165.1 MB.
Total: 2.693800 ms (FindLiveObjects: 0.239300 ms CreateObjectMapping: 0.143600 ms MarkObjects: 2.174300 ms  DeleteObjects: 0.135600 ms)

AssetImportParameters requested are different than current active one (requested -> active):
  custom:video-decoder-ogg-theora: a1e56fd34408186e4bbccfd4996cb3dc -> 
  custom:container-muxer-webm: aa71ff27fc2769a1b78a27578f13a17b -> 
  custom:container-demuxer-webm: 4f35f7cbe854078d1ac9338744f61a02 -> 
  custom:video-encoder-webm-vp8: eb34c28f22e8b96e1ab97ce403110664 -> 
  custom:audio-encoder-webm-vorbis: bf7c407c2cedff20999df2af8eb42d56 -> 
  custom:framework-win-MediaFoundation: 216162199b28c13a410421893ffa2e32 -> 
  custom:container-demuxer-ogg: 62fdf1f143b41e24485cea50d1cbac27 -> 
  custom:video-decoder-webm-vp8: 9c59270c3fd7afecdb556c50c9e8de78 -> 
  custom:audio-decoder-ogg-vorbis: bf7c407c2cedff20999df2af8eb42d56 -> 
========================================================================
Received Prepare
Registering precompiled user dll's ...
Registered in 0.007059 seconds.
Begin MonoManager ReloadAssembly
Symbol file LoadedFromMemory doesn't match image C:\Users\Astbel\Desktop\Poke_unity\Pokemon\Library\PackageCache\com.unity.visualscripting@1.7.8\Editor\VisualScripting.Core\Dependencies\YamlDotNet\Unity.VisualScripting.YamlDotNet.dll
Symbol file LoadedFromMemory doesn't match image C:\Users\Astbel\Desktop\Poke_unity\Pokemon\Library\PackageCache\com.unity.visualscripting@1.7.8\Editor\VisualScripting.Core\Dependencies\DotNetZip\Unity.VisualScripting.IonicZip.dll
Native extension for WindowsStandalone target not found
Refreshing native plugins compatible for Editor in 1.33 ms, found 4 plugins.
Preloading 0 native plugins for Editor in 0.00 ms.
Mono: successfully reloaded assembly
- Completed reload, in  0.926 seconds
Domain Reload Profiling:
	ReloadAssembly (927ms)
		BeginReloadAssembly (110ms)
			ExecutionOrderSort (0ms)
			DisableScriptedObjects (6ms)
			BackupInstance (0ms)
			ReleaseScriptingObjects (0ms)
			CreateAndSetChildDomain (31ms)
		EndReloadAssembly (734ms)
			LoadAssemblies (73ms)
			RebuildTransferFunctionScriptingTraits (0ms)
			SetupTypeCache (257ms)
			ReleaseScriptCaches (2ms)
			RebuildScriptCaches (42ms)
			SetupLoadedEditorAssemblies (315ms)
				LogAssemblyErrors (0ms)
				InitializePlatformSupportModulesInManaged (10ms)
				SetLoadedEditorAssemblies (0ms)
				RefreshPlugins (1ms)
				BeforeProcessingInitializeOnLoad (72ms)
				ProcessInitializeOnLoadAttributes (193ms)
				ProcessInitializeOnLoadMethodAttributes (35ms)
				AfterProcessingInitializeOnLoad (2ms)
				EditorAssembliesLoaded (0ms)
			ExecutionOrderSort2 (0ms)
			AwakeInstancesAfterBackupRestoration (7ms)
Platform modules already initialized, skipping
Refreshing native plugins compatible for Editor in 2.77 ms, found 4 plugins.
Preloading 0 native plugins for Editor in 0.00 ms.
Unloading 4076 Unused Serialized files (Serialized files now loaded: 0)
Unloading 33 unused Assets / (196.0 KB). Loaded Objects now: 4552.
Memory consumption went from 165.3 MB to 165.1 MB.
Total: 2.700700 ms (FindLiveObjects: 0.296600 ms CreateObjectMapping: 0.123500 ms MarkObjects: 2.146300 ms  DeleteObjects: 0.133300 ms)

AssetImportParameters requested are different than current active one (requested -> active):
  custom:video-decoder-ogg-theora: a1e56fd34408186e4bbccfd4996cb3dc -> 
  custom:container-muxer-webm: aa71ff27fc2769a1b78a27578f13a17b -> 
  custom:container-demuxer-webm: 4f35f7cbe854078d1ac9338744f61a02 -> 
  custom:video-encoder-webm-vp8: eb34c28f22e8b96e1ab97ce403110664 -> 
  custom:audio-encoder-webm-vorbis: bf7c407c2cedff20999df2af8eb42d56 -> 
  custom:framework-win-MediaFoundation: 216162199b28c13a410421893ffa2e32 -> 
  custom:container-demuxer-ogg: 62fdf1f143b41e24485cea50d1cbac27 -> 
  custom:video-decoder-webm-vp8: 9c59270c3fd7afecdb556c50c9e8de78 -> 
  custom:audio-decoder-ogg-vorbis: bf7c407c2cedff20999df2af8eb42d56 -> 
========================================================================
Received Prepare
Registering precompiled user dll's ...
Registered in 0.006922 seconds.
Begin MonoManager ReloadAssembly
Symbol file LoadedFromMemory doesn't match image C:\Users\Astbel\Desktop\Poke_unity\Pokemon\Library\PackageCache\com.unity.visualscripting@1.7.8\Editor\VisualScripting.Core\Dependencies\YamlDotNet\Unity.VisualScripting.YamlDotNet.dll
Symbol file LoadedFromMemory doesn't match image C:\Users\Astbel\Desktop\Poke_unity\Pokemon\Library\PackageCache\com.unity.visualscripting@1.7.8\Editor\VisualScripting.Core\Dependencies\DotNetZip\Unity.VisualScripting.IonicZip.dll
Native extension for WindowsStandalone target not found
Refreshing native plugins compatible for Editor in 1.20 ms, found 4 plugins.
Preloading 0 native plugins for Editor in 0.00 ms.
Mono: successfully reloaded assembly
- Completed reload, in  0.845 seconds
Domain Reload Profiling:
	ReloadAssembly (846ms)
		BeginReloadAssembly (102ms)
			ExecutionOrderSort (0ms)
			DisableScriptedObjects (5ms)
			BackupInstance (0ms)
			ReleaseScriptingObjects (0ms)
			CreateAndSetChildDomain (32ms)
		EndReloadAssembly (652ms)
			LoadAssemblies (66ms)
			RebuildTransferFunctionScriptingTraits (0ms)
			SetupTypeCache (213ms)
			ReleaseScriptCaches (2ms)
			RebuildScriptCaches (38ms)
			SetupLoadedEditorAssemblies (288ms)
				LogAssemblyErrors (0ms)
				InitializePlatformSupportModulesInManaged (9ms)
				SetLoadedEditorAssemblies (0ms)
				RefreshPlugins (1ms)
				BeforeProcessingInitializeOnLoad (68ms)
				ProcessInitializeOnLoadAttributes (172ms)
				ProcessInitializeOnLoadMethodAttributes (35ms)
				AfterProcessingInitializeOnLoad (2ms)
				EditorAssembliesLoaded (0ms)
			ExecutionOrderSort2 (0ms)
			AwakeInstancesAfterBackupRestoration (7ms)
Platform modules already initialized, skipping
Refreshing native plugins compatible for Editor in 2.67 ms, found 4 plugins.
Preloading 0 native plugins for Editor in 0.00 ms.
Unloading 4076 Unused Serialized files (Serialized files now loaded: 0)
Unloading 33 unused Assets / (196.0 KB). Loaded Objects now: 4555.
Memory consumption went from 165.3 MB to 165.1 MB.
Total: 2.623500 ms (FindLiveObjects: 0.269700 ms CreateObjectMapping: 0.087700 ms MarkObjects: 2.139200 ms  DeleteObjects: 0.126200 ms)

AssetImportParameters requested are different than current active one (requested -> active):
  custom:video-decoder-ogg-theora: a1e56fd34408186e4bbccfd4996cb3dc -> 
  custom:container-muxer-webm: aa71ff27fc2769a1b78a27578f13a17b -> 
  custom:container-demuxer-webm: 4f35f7cbe854078d1ac9338744f61a02 -> 
  custom:video-encoder-webm-vp8: eb34c28f22e8b96e1ab97ce403110664 -> 
  custom:audio-encoder-webm-vorbis: bf7c407c2cedff20999df2af8eb42d56 -> 
  custom:framework-win-MediaFoundation: 216162199b28c13a410421893ffa2e32 -> 
  custom:container-demuxer-ogg: 62fdf1f143b41e24485cea50d1cbac27 -> 
  custom:video-decoder-webm-vp8: 9c59270c3fd7afecdb556c50c9e8de78 -> 
  custom:audio-decoder-ogg-vorbis: bf7c407c2cedff20999df2af8eb42d56 -> 
========================================================================
Received Prepare
Registering precompiled user dll's ...
Registered in 0.007519 seconds.
Begin MonoManager ReloadAssembly
Symbol file LoadedFromMemory doesn't match image C:\Users\Astbel\Desktop\Poke_unity\Pokemon\Library\PackageCache\com.unity.visualscripting@1.7.8\Editor\VisualScripting.Core\Dependencies\YamlDotNet\Unity.VisualScripting.YamlDotNet.dll
Symbol file LoadedFromMemory doesn't match image C:\Users\Astbel\Desktop\Poke_unity\Pokemon\Library\PackageCache\com.unity.visualscripting@1.7.8\Editor\VisualScripting.Core\Dependencies\DotNetZip\Unity.VisualScripting.IonicZip.dll
Native extension for WindowsStandalone target not found
Refreshing native plugins compatible for Editor in 1.15 ms, found 4 plugins.
Preloading 0 native plugins for Editor in 0.00 ms.
Mono: successfully reloaded assembly
- Completed reload, in  0.820 seconds
Domain Reload Profiling:
	ReloadAssembly (821ms)
		BeginReloadAssembly (103ms)
			ExecutionOrderSort (0ms)
			DisableScriptedObjects (5ms)
			BackupInstance (0ms)
			ReleaseScriptingObjects (0ms)
			CreateAndSetChildDomain (31ms)
		EndReloadAssembly (640ms)
			LoadAssemblies (70ms)
			RebuildTransferFunctionScriptingTraits (0ms)
			SetupTypeCache (197ms)
			ReleaseScriptCaches (2ms)
			RebuildScriptCaches (38ms)
			SetupLoadedEditorAssemblies (290ms)
				LogAssemblyErrors (0ms)
				InitializePlatformSupportModulesInManaged (9ms)
				SetLoadedEditorAssemblies (0ms)
				RefreshPlugins (1ms)
				BeforeProcessingInitializeOnLoad (64ms)
				ProcessInitializeOnLoadAttributes (175ms)
				ProcessInitializeOnLoadMethodAttributes (38ms)
				AfterProcessingInitializeOnLoad (3ms)
				EditorAssembliesLoaded (0ms)
			ExecutionOrderSort2 (0ms)
			AwakeInstancesAfterBackupRestoration (8ms)
Platform modules already initialized, skipping
Refreshing native plugins compatible for Editor in 2.62 ms, found 4 plugins.
Preloading 0 native plugins for Editor in 0.00 ms.
Unloading 4076 Unused Serialized files (Serialized files now loaded: 0)
Unloading 33 unused Assets / (197.0 KB). Loaded Objects now: 4558.
Memory consumption went from 165.3 MB to 165.1 MB.
Total: 2.946000 ms (FindLiveObjects: 0.262800 ms CreateObjectMapping: 0.099900 ms MarkObjects: 2.428600 ms  DeleteObjects: 0.153600 ms)

AssetImportParameters requested are different than current active one (requested -> active):
  custom:video-decoder-ogg-theora: a1e56fd34408186e4bbccfd4996cb3dc -> 
  custom:container-muxer-webm: aa71ff27fc2769a1b78a27578f13a17b -> 
  custom:container-demuxer-webm: 4f35f7cbe854078d1ac9338744f61a02 -> 
  custom:video-encoder-webm-vp8: eb34c28f22e8b96e1ab97ce403110664 -> 
  custom:audio-encoder-webm-vorbis: bf7c407c2cedff20999df2af8eb42d56 -> 
  custom:framework-win-MediaFoundation: 216162199b28c13a410421893ffa2e32 -> 
  custom:container-demuxer-ogg: 62fdf1f143b41e24485cea50d1cbac27 -> 
  custom:video-decoder-webm-vp8: 9c59270c3fd7afecdb556c50c9e8de78 -> 
  custom:audio-decoder-ogg-vorbis: bf7c407c2cedff20999df2af8eb42d56 -> 
========================================================================
Received Prepare
Registering precompiled user dll's ...
Registered in 0.006466 seconds.
Begin MonoManager ReloadAssembly
Symbol file LoadedFromMemory doesn't match image C:\Users\Astbel\Desktop\Poke_unity\Pokemon\Library\PackageCache\com.unity.visualscripting@1.7.8\Editor\VisualScripting.Core\Dependencies\YamlDotNet\Unity.VisualScripting.YamlDotNet.dll
Symbol file LoadedFromMemory doesn't match image C:\Users\Astbel\Desktop\Poke_unity\Pokemon\Library\PackageCache\com.unity.visualscripting@1.7.8\Editor\VisualScripting.Core\Dependencies\DotNetZip\Unity.VisualScripting.IonicZip.dll
Native extension for WindowsStandalone target not found
Refreshing native plugins compatible for Editor in 1.29 ms, found 4 plugins.
Preloading 0 native plugins for Editor in 0.00 ms.
Mono: successfully reloaded assembly
- Completed reload, in  0.855 seconds
Domain Reload Profiling:
	ReloadAssembly (855ms)
		BeginReloadAssembly (103ms)
			ExecutionOrderSort (0ms)
			DisableScriptedObjects (5ms)
			BackupInstance (0ms)
			ReleaseScriptingObjects (0ms)
			CreateAndSetChildDomain (31ms)
		EndReloadAssembly (678ms)
			LoadAssemblies (69ms)
			RebuildTransferFunctionScriptingTraits (0ms)
			SetupTypeCache (200ms)
			ReleaseScriptCaches (2ms)
			RebuildScriptCaches (49ms)
			SetupLoadedEditorAssemblies (299ms)
				LogAssemblyErrors (0ms)
				InitializePlatformSupportModulesInManaged (10ms)
				SetLoadedEditorAssemblies (0ms)
				RefreshPlugins (1ms)
				BeforeProcessingInitializeOnLoad (67ms)
				ProcessInitializeOnLoadAttributes (186ms)
				ProcessInitializeOnLoadMethodAttributes (33ms)
				AfterProcessingInitializeOnLoad (2ms)
				EditorAssembliesLoaded (0ms)
			ExecutionOrderSort2 (0ms)
			AwakeInstancesAfterBackupRestoration (9ms)
Platform modules already initialized, skipping
Refreshing native plugins compatible for Editor in 3.14 ms, found 4 plugins.
Preloading 0 native plugins for Editor in 0.00 ms.
Unloading 4076 Unused Serialized files (Serialized files now loaded: 0)
Unloading 33 unused Assets / (196.0 KB). Loaded Objects now: 4561.
Memory consumption went from 165.3 MB to 165.2 MB.
Total: 3.055700 ms (FindLiveObjects: 0.256900 ms CreateObjectMapping: 0.092800 ms MarkObjects: 2.559100 ms  DeleteObjects: 0.146100 ms)

AssetImportParameters requested are different than current active one (requested -> active):
  custom:video-decoder-ogg-theora: a1e56fd34408186e4bbccfd4996cb3dc -> 
  custom:container-muxer-webm: aa71ff27fc2769a1b78a27578f13a17b -> 
  custom:container-demuxer-webm: 4f35f7cbe854078d1ac9338744f61a02 -> 
  custom:video-encoder-webm-vp8: eb34c28f22e8b96e1ab97ce403110664 -> 
  custom:audio-encoder-webm-vorbis: bf7c407c2cedff20999df2af8eb42d56 -> 
  custom:framework-win-MediaFoundation: 216162199b28c13a410421893ffa2e32 -> 
  custom:container-demuxer-ogg: 62fdf1f143b41e24485cea50d1cbac27 -> 
  custom:video-decoder-webm-vp8: 9c59270c3fd7afecdb556c50c9e8de78 -> 
  custom:audio-decoder-ogg-vorbis: bf7c407c2cedff20999df2af8eb42d56 -> 
========================================================================
Received Prepare
Registering precompiled user dll's ...
Registered in 0.007962 seconds.
Begin MonoManager ReloadAssembly
Symbol file LoadedFromMemory doesn't match image C:\Users\Astbel\Desktop\Poke_unity\Pokemon\Library\PackageCache\com.unity.visualscripting@1.7.8\Editor\VisualScripting.Core\Dependencies\YamlDotNet\Unity.VisualScripting.YamlDotNet.dll
Symbol file LoadedFromMemory doesn't match image C:\Users\Astbel\Desktop\Poke_unity\Pokemon\Library\PackageCache\com.unity.visualscripting@1.7.8\Editor\VisualScripting.Core\Dependencies\DotNetZip\Unity.VisualScripting.IonicZip.dll
Native extension for WindowsStandalone target not found
Refreshing native plugins compatible for Editor in 1.22 ms, found 4 plugins.
Preloading 0 native plugins for Editor in 0.00 ms.
Mono: successfully reloaded assembly
- Completed reload, in  0.891 seconds
Domain Reload Profiling:
	ReloadAssembly (892ms)
		BeginReloadAssembly (99ms)
			ExecutionOrderSort (0ms)
			DisableScriptedObjects (5ms)
			BackupInstance (0ms)
			ReleaseScriptingObjects (0ms)
			CreateAndSetChildDomain (29ms)
		EndReloadAssembly (717ms)
			LoadAssemblies (68ms)
			RebuildTransferFunctionScriptingTraits (0ms)
			SetupTypeCache (200ms)
			ReleaseScriptCaches (2ms)
			RebuildScriptCaches (40ms)
			SetupLoadedEditorAssemblies (346ms)
				LogAssemblyErrors (0ms)
				InitializePlatformSupportModulesInManaged (11ms)
				SetLoadedEditorAssemblies (0ms)
				RefreshPlugins (1ms)
				BeforeProcessingInitializeOnLoad (67ms)
				ProcessInitializeOnLoadAttributes (192ms)
				ProcessInitializeOnLoadMethodAttributes (69ms)
				AfterProcessingInitializeOnLoad (6ms)
				EditorAssembliesLoaded (0ms)
			ExecutionOrderSort2 (0ms)
			AwakeInstancesAfterBackupRestoration (15ms)
Platform modules already initialized, skipping
Refreshing native plugins compatible for Editor in 3.34 ms, found 4 plugins.
Preloading 0 native plugins for Editor in 0.00 ms.
Unloading 4076 Unused Serialized files (Serialized files now loaded: 0)
Unloading 33 unused Assets / (196.1 KB). Loaded Objects now: 4564.
Memory consumption went from 165.3 MB to 165.2 MB.
Total: 2.784700 ms (FindLiveObjects: 0.264400 ms CreateObjectMapping: 0.104600 ms MarkObjects: 2.269900 ms  DeleteObjects: 0.144900 ms)

AssetImportParameters requested are different than current active one (requested -> active):
  custom:video-decoder-ogg-theora: a1e56fd34408186e4bbccfd4996cb3dc -> 
  custom:container-muxer-webm: aa71ff27fc2769a1b78a27578f13a17b -> 
  custom:container-demuxer-webm: 4f35f7cbe854078d1ac9338744f61a02 -> 
  custom:video-encoder-webm-vp8: eb34c28f22e8b96e1ab97ce403110664 -> 
  custom:audio-encoder-webm-vorbis: bf7c407c2cedff20999df2af8eb42d56 -> 
  custom:framework-win-MediaFoundation: 216162199b28c13a410421893ffa2e32 -> 
  custom:container-demuxer-ogg: 62fdf1f143b41e24485cea50d1cbac27 -> 
  custom:video-decoder-webm-vp8: 9c59270c3fd7afecdb556c50c9e8de78 -> 
  custom:audio-decoder-ogg-vorbis: bf7c407c2cedff20999df2af8eb42d56 -> 
========================================================================
Received Prepare
Registering precompiled user dll's ...
Registered in 0.006387 seconds.
Begin MonoManager ReloadAssembly
Symbol file LoadedFromMemory doesn't match image C:\Users\Astbel\Desktop\Poke_unity\Pokemon\Library\PackageCache\com.unity.visualscripting@1.7.8\Editor\VisualScripting.Core\Dependencies\YamlDotNet\Unity.VisualScripting.YamlDotNet.dll
Symbol file LoadedFromMemory doesn't match image C:\Users\Astbel\Desktop\Poke_unity\Pokemon\Library\PackageCache\com.unity.visualscripting@1.7.8\Editor\VisualScripting.Core\Dependencies\DotNetZip\Unity.VisualScripting.IonicZip.dll
Native extension for WindowsStandalone target not found
Refreshing native plugins compatible for Editor in 1.18 ms, found 4 plugins.
Preloading 0 native plugins for Editor in 0.00 ms.
Mono: successfully reloaded assembly
- Completed reload, in  0.842 seconds
Domain Reload Profiling:
	ReloadAssembly (843ms)
		BeginReloadAssembly (103ms)
			ExecutionOrderSort (0ms)
			DisableScriptedObjects (6ms)
			BackupInstance (0ms)
			ReleaseScriptingObjects (0ms)
			CreateAndSetChildDomain (28ms)
		EndReloadAssembly (659ms)
			LoadAssemblies (70ms)
			RebuildTransferFunctionScriptingTraits (0ms)
			SetupTypeCache (200ms)
			ReleaseScriptCaches (2ms)
			RebuildScriptCaches (41ms)
			SetupLoadedEditorAssemblies (303ms)
				LogAssemblyErrors (0ms)
				InitializePlatformSupportModulesInManaged (11ms)
				SetLoadedEditorAssemblies (0ms)
				RefreshPlugins (1ms)
				BeforeProcessingInitializeOnLoad (68ms)
				ProcessInitializeOnLoadAttributes (184ms)
				ProcessInitializeOnLoadMethodAttributes (36ms)
				AfterProcessingInitializeOnLoad (2ms)
				EditorAssembliesLoaded (0ms)
			ExecutionOrderSort2 (0ms)
			AwakeInstancesAfterBackupRestoration (9ms)
Platform modules already initialized, skipping
Refreshing native plugins compatible for Editor in 3.03 ms, found 4 plugins.
Preloading 0 native plugins for Editor in 0.00 ms.
Unloading 4076 Unused Serialized files (Serialized files now loaded: 0)
Unloading 33 unused Assets / (195.9 KB). Loaded Objects now: 4567.
Memory consumption went from 165.4 MB to 165.2 MB.
Total: 2.894900 ms (FindLiveObjects: 0.306600 ms CreateObjectMapping: 0.134300 ms MarkObjects: 2.316900 ms  DeleteObjects: 0.136000 ms)

AssetImportParameters requested are different than current active one (requested -> active):
  custom:video-decoder-ogg-theora: a1e56fd34408186e4bbccfd4996cb3dc -> 
  custom:container-muxer-webm: aa71ff27fc2769a1b78a27578f13a17b -> 
  custom:container-demuxer-webm: 4f35f7cbe854078d1ac9338744f61a02 -> 
  custom:video-encoder-webm-vp8: eb34c28f22e8b96e1ab97ce403110664 -> 
  custom:audio-encoder-webm-vorbis: bf7c407c2cedff20999df2af8eb42d56 -> 
  custom:framework-win-MediaFoundation: 216162199b28c13a410421893ffa2e32 -> 
  custom:container-demuxer-ogg: 62fdf1f143b41e24485cea50d1cbac27 -> 
  custom:video-decoder-webm-vp8: 9c59270c3fd7afecdb556c50c9e8de78 -> 
  custom:audio-decoder-ogg-vorbis: bf7c407c2cedff20999df2af8eb42d56 -> 
